{"C:\\My Data\\Professional\\book-store\\src\\components\\AddressCart.tsx": {"path":"C:\\My Data\\Professional\\book-store\\src\\components\\AddressCart.tsx","statementMap":{"0":{"start":{"line":1,"column":0},"end":{"line":1,"column":44}},"1":{"start":{"line":8,"column":50},"end":{"line":8,"column":77}},"2":{"start":{"line":10,"column":4},"end":{"line":12,"column":28}},"3":{"start":{"line":11,"column":8},"end":{"line":11,"column":46}},"4":{"start":{"line":14,"column":28},"end":{"line":16,"column":5}},"5":{"start":{"line":15,"column":8},"end":{"line":15,"column":45}},"6":{"start":{"line":18,"column":4},"end":{"line":120,"column":6}},"7":{"start":{"line":31,"column":48},"end":{"line":31,"column":67}},"8":{"start":{"line":123,"column":0},"end":{"line":123,"column":27}}},"fnMap":{"0":{"name":"AddressCart","decl":{"start":{"line":7,"column":9},"end":{"line":7,"column":20}},"loc":{"start":{"line":7,"column":61},"end":{"line":121,"column":1}}},"1":{"name":"(anonymous_1)","decl":{"start":{"line":10,"column":14},"end":{"line":10,"column":17}},"loc":{"start":{"line":10,"column":19},"end":{"line":12,"column":5}}},"2":{"name":"(anonymous_2)","decl":{"start":{"line":14,"column":28},"end":{"line":14,"column":31}},"loc":{"start":{"line":14,"column":33},"end":{"line":16,"column":5}}},"3":{"name":"(anonymous_3)","decl":{"start":{"line":31,"column":41},"end":{"line":31,"column":42}},"loc":{"start":{"line":31,"column":48},"end":{"line":31,"column":67}}}},"branchMap":{"0":{"loc":{"start":{"line":38,"column":21},"end":{"line":115,"column":null}},"type":"binary-expr","locations":[{"start":{"line":38,"column":21},"end":{"line":38,"column":36}},{"start":{"line":39,"column":24},"end":{"line":114,"column":null}}]}},"s":{"0":1,"1":15,"2":15,"3":10,"4":15,"5":2,"6":15,"7":1,"8":1},"f":{"0":15,"1":10,"2":2,"3":1},"b":{"0":[15,8]}}
,"C:\\My Data\\Professional\\book-store\\src\\components\\BookCard.tsx": {"path":"C:\\My Data\\Professional\\book-store\\src\\components\\BookCard.tsx","statementMap":{"0":{"start":{"line":1,"column":0},"end":{"line":1,"column":36}},"1":{"start":{"line":2,"column":0},"end":{"line":2,"column":43}},"2":{"start":{"line":21,"column":4},"end":{"line":44,"column":null}},"3":{"start":{"line":47,"column":0},"end":{"line":47,"column":null}}},"fnMap":{"0":{"name":"BookCard","decl":{"start":{"line":20,"column":9},"end":{"line":20,"column":17}},"loc":{"start":{"line":20,"column":37},"end":{"line":45,"column":1}}}},"branchMap":{},"s":{"0":1,"1":1,"2":7,"3":1},"f":{"0":7},"b":{}}
,"C:\\My Data\\Professional\\book-store\\src\\components\\BooksContainer.tsx": {"path":"C:\\My Data\\Professional\\book-store\\src\\components\\BooksContainer.tsx","statementMap":{"0":{"start":{"line":1,"column":0},"end":{"line":1,"column":30}},"1":{"start":{"line":2,"column":0},"end":{"line":2,"column":53}},"2":{"start":{"line":3,"column":0},"end":{"line":3,"column":34}},"3":{"start":{"line":4,"column":0},"end":{"line":4,"column":48}},"4":{"start":{"line":5,"column":0},"end":{"line":5,"column":34}},"5":{"start":{"line":6,"column":0},"end":{"line":6,"column":50}},"6":{"start":{"line":7,"column":0},"end":{"line":7,"column":50}},"7":{"start":{"line":8,"column":0},"end":{"line":8,"column":50}},"8":{"start":{"line":9,"column":0},"end":{"line":9,"column":50}},"9":{"start":{"line":10,"column":0},"end":{"line":10,"column":50}},"10":{"start":{"line":11,"column":0},"end":{"line":11,"column":50}},"11":{"start":{"line":12,"column":0},"end":{"line":12,"column":50}},"12":{"start":{"line":13,"column":0},"end":{"line":13,"column":50}},"13":{"start":{"line":14,"column":0},"end":{"line":14,"column":50}},"14":{"start":{"line":15,"column":0},"end":{"line":15,"column":55}},"15":{"start":{"line":17,"column":0},"end":{"line":17,"column":54}},"16":{"start":{"line":18,"column":0},"end":{"line":18,"column":57}},"17":{"start":{"line":20,"column":19},"end":{"line":20,"column":25}},"18":{"start":{"line":23,"column":38},"end":{"line":23,"column":67}},"19":{"start":{"line":24,"column":42},"end":{"line":26,"column":6}},"20":{"start":{"line":25,"column":8},"end":{"line":25,"column":64}},"21":{"start":{"line":27,"column":25},"end":{"line":27,"column":27}},"22":{"start":{"line":29,"column":21},"end":{"line":29,"column":47}},"23":{"start":{"line":30,"column":33},"end":{"line":30,"column":79}},"24":{"start":{"line":30,"column":67},"end":{"line":30,"column":78}},"25":{"start":{"line":31,"column":24},"end":{"line":31,"column":54}},"26":{"start":{"line":33,"column":4},"end":{"line":37,"column":27}},"27":{"start":{"line":34,"column":8},"end":{"line":36,"column":9}},"28":{"start":{"line":35,"column":12},"end":{"line":35,"column":35}},"29":{"start":{"line":39,"column":4},"end":{"line":41,"column":22}},"30":{"start":{"line":40,"column":8},"end":{"line":40,"column":26}},"31":{"start":{"line":43,"column":4},"end":{"line":45,"column":22}},"32":{"start":{"line":44,"column":8},"end":{"line":44,"column":65}},"33":{"start":{"line":47,"column":23},"end":{"line":51,"column":6}},"34":{"start":{"line":53,"column":35},"end":{"line":80,"column":42}},"35":{"start":{"line":54,"column":28},"end":{"line":54,"column":41}},"36":{"start":{"line":56,"column":8},"end":{"line":68,"column":9}},"37":{"start":{"line":57,"column":26},"end":{"line":57,"column":51}},"38":{"start":{"line":58,"column":12},"end":{"line":67,"column":15}},"39":{"start":{"line":59,"column":34},"end":{"line":59,"column":94}},"40":{"start":{"line":60,"column":35},"end":{"line":60,"column":79}},"41":{"start":{"line":62,"column":40},"end":{"line":62,"column":84}},"42":{"start":{"line":64,"column":16},"end":{"line":66,"column":52}},"43":{"start":{"line":70,"column":8},"end":{"line":79,"column":9}},"44":{"start":{"line":72,"column":16},"end":{"line":72,"column":101}},"45":{"start":{"line":72,"column":52},"end":{"line":72,"column":99}},"46":{"start":{"line":74,"column":16},"end":{"line":74,"column":101}},"47":{"start":{"line":74,"column":52},"end":{"line":74,"column":99}},"48":{"start":{"line":76,"column":16},"end":{"line":76,"column":91}},"49":{"start":{"line":76,"column":52},"end":{"line":76,"column":89}},"50":{"start":{"line":78,"column":16},"end":{"line":78,"column":37}},"51":{"start":{"line":82,"column":25},"end":{"line":85,"column":5}},"52":{"start":{"line":83,"column":8},"end":{"line":83,"column":28}},"53":{"start":{"line":84,"column":8},"end":{"line":84,"column":26}},"54":{"start":{"line":87,"column":21},"end":{"line":87,"column":66}},"55":{"start":{"line":88,"column":23},"end":{"line":88,"column":55}},"56":{"start":{"line":89,"column":21},"end":{"line":89,"column":46}},"57":{"start":{"line":90,"column":27},"end":{"line":90,"column":93}},"58":{"start":{"line":91,"column":31},"end":{"line":91,"column":75}},"59":{"start":{"line":93,"column":29},"end":{"line":95,"column":5}},"60":{"start":{"line":94,"column":8},"end":{"line":94,"column":29}},"61":{"start":{"line":97,"column":38},"end":{"line":101,"column":5}},"62":{"start":{"line":98,"column":8},"end":{"line":100,"column":11}},"63":{"start":{"line":99,"column":12},"end":{"line":99,"column":56}},"64":{"start":{"line":103,"column":4},"end":{"line":170,"column":6}},"65":{"start":{"line":145,"column":24},"end":{"line":146,"column":null}},"66":{"start":{"line":173,"column":0},"end":{"line":173,"column":30}}},"fnMap":{"0":{"name":"BooksContainer","decl":{"start":{"line":22,"column":9},"end":{"line":22,"column":23}},"loc":{"start":{"line":22,"column":23},"end":{"line":171,"column":1}}},"1":{"name":"(anonymous_2)","decl":{"start":{"line":24,"column":59},"end":{"line":24,"column":62}},"loc":{"start":{"line":24,"column":64},"end":{"line":26,"column":5}}},"2":{"name":"(anonymous_3)","decl":{"start":{"line":30,"column":45},"end":{"line":30,"column":46}},"loc":{"start":{"line":30,"column":67},"end":{"line":30,"column":78}}},"3":{"name":"(anonymous_4)","decl":{"start":{"line":33,"column":14},"end":{"line":33,"column":17}},"loc":{"start":{"line":33,"column":19},"end":{"line":37,"column":5}}},"4":{"name":"(anonymous_5)","decl":{"start":{"line":39,"column":14},"end":{"line":39,"column":17}},"loc":{"start":{"line":39,"column":19},"end":{"line":41,"column":5}}},"5":{"name":"(anonymous_6)","decl":{"start":{"line":43,"column":14},"end":{"line":43,"column":17}},"loc":{"start":{"line":43,"column":19},"end":{"line":45,"column":5}}},"6":{"name":"(anonymous_7)","decl":{"start":{"line":53,"column":43},"end":{"line":53,"column":46}},"loc":{"start":{"line":53,"column":48},"end":{"line":80,"column":5}}},"7":{"name":"(anonymous_8)","decl":{"start":{"line":58,"column":49},"end":{"line":58,"column":53}},"loc":{"start":{"line":58,"column":56},"end":{"line":67,"column":13}}},"8":{"name":"(anonymous_9)","decl":{"start":{"line":72,"column":42},"end":{"line":72,"column":43}},"loc":{"start":{"line":72,"column":52},"end":{"line":72,"column":99}}},"9":{"name":"(anonymous_10)","decl":{"start":{"line":74,"column":42},"end":{"line":74,"column":43}},"loc":{"start":{"line":74,"column":52},"end":{"line":74,"column":99}}},"10":{"name":"(anonymous_11)","decl":{"start":{"line":76,"column":42},"end":{"line":76,"column":43}},"loc":{"start":{"line":76,"column":52},"end":{"line":76,"column":89}}},"11":{"name":"(anonymous_12)","decl":{"start":{"line":82,"column":25},"end":{"line":82,"column":26}},"loc":{"start":{"line":82,"column":43},"end":{"line":85,"column":5}}},"12":{"name":"(anonymous_13)","decl":{"start":{"line":93,"column":29},"end":{"line":93,"column":30}},"loc":{"start":{"line":93,"column":46},"end":{"line":95,"column":5}}},"13":{"name":"(anonymous_14)","decl":{"start":{"line":97,"column":38},"end":{"line":97,"column":41}},"loc":{"start":{"line":97,"column":43},"end":{"line":101,"column":5}}},"14":{"name":"(anonymous_15)","decl":{"start":{"line":98,"column":47},"end":{"line":98,"column":48}},"loc":{"start":{"line":99,"column":12},"end":{"line":99,"column":56}}},"15":{"name":"(anonymous_16)","decl":{"start":{"line":144,"column":41},"end":{"line":144,"column":42}},"loc":{"start":{"line":145,"column":24},"end":{"line":146,"column":null}}}},"branchMap":{"0":{"loc":{"start":{"line":25,"column":15},"end":{"line":25,"column":63}},"type":"binary-expr","locations":[{"start":{"line":25,"column":15},"end":{"line":25,"column":58}},{"start":{"line":25,"column":62},"end":{"line":25,"column":63}}]},"1":{"loc":{"start":{"line":34,"column":8},"end":{"line":36,"column":9}},"type":"if","locations":[{"start":{"line":34,"column":8},"end":{"line":36,"column":9}}]},"2":{"loc":{"start":{"line":56,"column":8},"end":{"line":68,"column":9}},"type":"if","locations":[{"start":{"line":56,"column":8},"end":{"line":68,"column":9}}]},"3":{"loc":{"start":{"line":59,"column":35},"end":{"line":59,"column":68}},"type":"binary-expr","locations":[{"start":{"line":59,"column":35},"end":{"line":59,"column":48}},{"start":{"line":59,"column":52},"end":{"line":59,"column":62}},{"start":{"line":59,"column":66},"end":{"line":59,"column":68}}]},"4":{"loc":{"start":{"line":60,"column":36},"end":{"line":60,"column":53}},"type":"binary-expr","locations":[{"start":{"line":60,"column":36},"end":{"line":60,"column":47}},{"start":{"line":60,"column":51},"end":{"line":60,"column":53}}]},"5":{"loc":{"start":{"line":62,"column":47},"end":{"line":62,"column":69}},"type":"binary-expr","locations":[{"start":{"line":62,"column":47},"end":{"line":62,"column":63}},{"start":{"line":62,"column":67},"end":{"line":62,"column":69}}]},"6":{"loc":{"start":{"line":64,"column":23},"end":{"line":66,"column":51}},"type":"binary-expr","locations":[{"start":{"line":64,"column":23},"end":{"line":64,"column":48}},{"start":{"line":65,"column":20},"end":{"line":65,"column":46}},{"start":{"line":66,"column":20},"end":{"line":66,"column":51}}]},"7":{"loc":{"start":{"line":70,"column":8},"end":{"line":79,"column":9}},"type":"switch","locations":[{"start":{"line":71,"column":12},"end":{"line":72,"column":101}},{"start":{"line":73,"column":12},"end":{"line":74,"column":101}},{"start":{"line":75,"column":12},"end":{"line":76,"column":91}},{"start":{"line":77,"column":12},"end":{"line":78,"column":37}}]},"8":{"loc":{"start":{"line":72,"column":53},"end":{"line":72,"column":73}},"type":"binary-expr","locations":[{"start":{"line":72,"column":53},"end":{"line":72,"column":68}},{"start":{"line":72,"column":72},"end":{"line":72,"column":73}}]},"9":{"loc":{"start":{"line":72,"column":78},"end":{"line":72,"column":98}},"type":"binary-expr","locations":[{"start":{"line":72,"column":78},"end":{"line":72,"column":93}},{"start":{"line":72,"column":97},"end":{"line":72,"column":98}}]},"10":{"loc":{"start":{"line":74,"column":53},"end":{"line":74,"column":73}},"type":"binary-expr","locations":[{"start":{"line":74,"column":53},"end":{"line":74,"column":68}},{"start":{"line":74,"column":72},"end":{"line":74,"column":73}}]},"11":{"loc":{"start":{"line":74,"column":78},"end":{"line":74,"column":98}},"type":"binary-expr","locations":[{"start":{"line":74,"column":78},"end":{"line":74,"column":93}},{"start":{"line":74,"column":97},"end":{"line":74,"column":98}}]},"12":{"loc":{"start":{"line":76,"column":53},"end":{"line":76,"column":68}},"type":"binary-expr","locations":[{"start":{"line":76,"column":53},"end":{"line":76,"column":63}},{"start":{"line":76,"column":67},"end":{"line":76,"column":68}}]},"13":{"loc":{"start":{"line":76,"column":73},"end":{"line":76,"column":88}},"type":"binary-expr","locations":[{"start":{"line":76,"column":73},"end":{"line":76,"column":83}},{"start":{"line":76,"column":87},"end":{"line":76,"column":88}}]},"14":{"loc":{"start":{"line":87,"column":21},"end":{"line":87,"column":66}},"type":"binary-expr","locations":[{"start":{"line":87,"column":21},"end":{"line":87,"column":43}},{"start":{"line":87,"column":47},"end":{"line":87,"column":66}}]},"15":{"loc":{"start":{"line":90,"column":27},"end":{"line":90,"column":93}},"type":"cond-expr","locations":[{"start":{"line":90,"column":38},"end":{"line":90,"column":88}},{"start":{"line":90,"column":91},"end":{"line":90,"column":93}}]},"16":{"loc":{"start":{"line":91,"column":31},"end":{"line":91,"column":75}},"type":"cond-expr","locations":[{"start":{"line":91,"column":42},"end":{"line":91,"column":71}},{"start":{"line":91,"column":74},"end":{"line":91,"column":75}}]},"17":{"loc":{"start":{"line":110,"column":29},"end":{"line":114,"column":46}},"type":"cond-expr","locations":[{"start":{"line":111,"column":32},"end":{"line":113,"column":64}},{"start":{"line":114,"column":32},"end":{"line":114,"column":46}}]},"18":{"loc":{"start":{"line":111,"column":32},"end":{"line":113,"column":64}},"type":"cond-expr","locations":[{"start":{"line":112,"column":36},"end":{"line":112,"column":89}},{"start":{"line":113,"column":36},"end":{"line":113,"column":64}}]},"19":{"loc":{"start":{"line":135,"column":13},"end":{"line":138,"column":null}},"type":"binary-expr","locations":[{"start":{"line":135,"column":13},"end":{"line":135,"column":21}},{"start":{"line":135,"column":25},"end":{"line":135,"column":36}},{"start":{"line":135,"column":40},"end":{"line":135,"column":64}},{"start":{"line":136,"column":16},"end":{"line":137,"column":null}}]},"20":{"loc":{"start":{"line":142,"column":17},"end":{"line":157,"column":22}},"type":"cond-expr","locations":[{"start":{"line":143,"column":22},"end":{"line":143,"column":49}},{"start":{"line":144,"column":22},"end":{"line":157,"column":22}}]},"21":{"loc":{"start":{"line":150,"column":47},"end":{"line":150,"column":79}},"type":"binary-expr","locations":[{"start":{"line":150,"column":47},"end":{"line":150,"column":65}},{"start":{"line":150,"column":69},"end":{"line":150,"column":79}}]},"22":{"loc":{"start":{"line":151,"column":42},"end":{"line":151,"column":69}},"type":"binary-expr","locations":[{"start":{"line":151,"column":42},"end":{"line":151,"column":55}},{"start":{"line":151,"column":59},"end":{"line":151,"column":69}}]},"23":{"loc":{"start":{"line":152,"column":40},"end":{"line":152,"column":56}},"type":"binary-expr","locations":[{"start":{"line":152,"column":40},"end":{"line":152,"column":51}},{"start":{"line":152,"column":55},"end":{"line":152,"column":56}}]},"24":{"loc":{"start":{"line":153,"column":42},"end":{"line":153,"column":60}},"type":"binary-expr","locations":[{"start":{"line":153,"column":42},"end":{"line":153,"column":55}},{"start":{"line":153,"column":59},"end":{"line":153,"column":60}}]},"25":{"loc":{"start":{"line":146,"column":33},"end":{"line":146,"column":46}},"type":"binary-expr","locations":[{"start":{"line":146,"column":33},"end":{"line":146,"column":41}},{"start":{"line":146,"column":45},"end":{"line":146,"column":46}}]}},"s":{"0":1,"1":1,"2":1,"3":1,"4":1,"5":1,"6":1,"7":1,"8":1,"9":1,"10":1,"11":1,"12":1,"13":1,"14":1,"15":1,"16":1,"17":1,"18":15,"19":15,"20":10,"21":15,"22":15,"23":15,"24":29,"25":15,"26":15,"27":10,"28":2,"29":15,"30":10,"31":15,"32":11,"33":15,"34":15,"35":12,"36":12,"37":3,"38":3,"39":4,"40":4,"41":4,"42":4,"43":12,"44":1,"45":1,"46":0,"47":0,"48":0,"49":0,"50":11,"51":15,"52":0,"53":0,"54":15,"55":15,"56":15,"57":15,"58":15,"59":15,"60":0,"61":15,"62":4,"63":48,"64":15,"65":26,"66":1},"f":{"0":15,"1":10,"2":29,"3":10,"4":10,"5":11,"6":12,"7":4,"8":1,"9":0,"10":0,"11":0,"12":0,"13":4,"14":48,"15":26},"b":{"0":[10,9],"1":[2],"2":[3],"3":[4,0,0],"4":[4,0],"5":[4,0],"6":[4,2,2],"7":[1,0,0,11],"8":[1,0],"9":[1,0],"10":[0,0],"11":[0,0],"12":[0,0],"13":[0,0],"14":[15,11],"15":[11,4],"16":[11,4],"17":[11,4],"18":[4,7],"19":[15,11,4,1],"20":[4,11],"21":[26,0],"22":[26,0],"23":[26,0],"24":[26,0],"25":[26,0]}}
,"C:\\My Data\\Professional\\book-store\\src\\components\\Footer.tsx": {"path":"C:\\My Data\\Professional\\book-store\\src\\components\\Footer.tsx","statementMap":{"0":{"start":{"line":2,"column":4},"end":{"line":8,"column":null}},"1":{"start":{"line":11,"column":0},"end":{"line":11,"column":null}}},"fnMap":{"0":{"name":"Footer","decl":{"start":{"line":1,"column":9},"end":{"line":1,"column":15}},"loc":{"start":{"line":1,"column":15},"end":{"line":9,"column":1}}}},"branchMap":{},"s":{"0":2,"1":1},"f":{"0":2},"b":{}}
,"C:\\My Data\\Professional\\book-store\\src\\components\\Navbar.tsx": {"path":"C:\\My Data\\Professional\\book-store\\src\\components\\Navbar.tsx","statementMap":{"0":{"start":{"line":1,"column":0},"end":{"line":1,"column":33}},"1":{"start":{"line":2,"column":0},"end":{"line":2,"column":43}},"2":{"start":{"line":3,"column":0},"end":{"line":3,"column":53}},"3":{"start":{"line":4,"column":0},"end":{"line":4,"column":73}},"4":{"start":{"line":5,"column":0},"end":{"line":5,"column":54}},"5":{"start":{"line":6,"column":0},"end":{"line":6,"column":55}},"6":{"start":{"line":10,"column":48},"end":{"line":10,"column":63}},"7":{"start":{"line":11,"column":21},"end":{"line":11,"column":47}},"8":{"start":{"line":12,"column":27},"end":{"line":13,"column":null}},"9":{"start":{"line":13,"column":30},"end":{"line":13,"column":40}},"10":{"start":{"line":16,"column":4},"end":{"line":117,"column":6}},"11":{"start":{"line":33,"column":49},"end":{"line":33,"column":89}},"12":{"start":{"line":45,"column":47},"end":{"line":45,"column":81}},"13":{"start":{"line":55,"column":66},"end":{"line":55,"column":115}},"14":{"start":{"line":56,"column":48},"end":{"line":94,"column":null}},"15":{"start":{"line":72,"column":83},"end":{"line":72,"column":115}},"16":{"start":{"line":120,"column":0},"end":{"line":120,"column":22}}},"fnMap":{"0":{"name":"Navbar","decl":{"start":{"line":9,"column":9},"end":{"line":9,"column":15}},"loc":{"start":{"line":9,"column":15},"end":{"line":118,"column":1}}},"1":{"name":"(anonymous_2)","decl":{"start":{"line":13,"column":8},"end":{"line":13,"column":9}},"loc":{"start":{"line":13,"column":30},"end":{"line":13,"column":40}}},"2":{"name":"(anonymous_3)","decl":{"start":{"line":33,"column":42},"end":{"line":33,"column":43}},"loc":{"start":{"line":33,"column":49},"end":{"line":33,"column":89}}},"3":{"name":"(anonymous_4)","decl":{"start":{"line":45,"column":41},"end":{"line":45,"column":44}},"loc":{"start":{"line":45,"column":47},"end":{"line":45,"column":81}}},"4":{"name":"(anonymous_5)","decl":{"start":{"line":54,"column":45},"end":{"line":54,"column":48}},"loc":{"start":{"line":54,"column":50},"end":{"line":95,"column":45}}},"5":{"name":"(anonymous_6)","decl":{"start":{"line":72,"column":77},"end":{"line":72,"column":80}},"loc":{"start":{"line":72,"column":83},"end":{"line":72,"column":115}}}},"branchMap":{"0":{"loc":{"start":{"line":51,"column":32},"end":{"line":97,"column":null}},"type":"binary-expr","locations":[{"start":{"line":51,"column":32},"end":{"line":51,"column":46}},{"start":{"line":52,"column":36},"end":{"line":95,"column":null}}]},"1":{"loc":{"start":{"line":55,"column":77},"end":{"line":55,"column":114}},"type":"binary-expr","locations":[{"start":{"line":55,"column":77},"end":{"line":55,"column":106}},{"start":{"line":55,"column":110},"end":{"line":55,"column":114}}]},"2":{"loc":{"start":{"line":56,"column":55},"end":{"line":93,"column":null}},"type":"cond-expr","locations":[{"start":{"line":57,"column":52},"end":{"line":75,"column":null}},{"start":{"line":77,"column":52},"end":{"line":93,"column":null}}]}},"s":{"0":2,"1":2,"2":2,"3":2,"4":2,"5":2,"6":11,"7":11,"8":11,"9":21,"10":11,"11":1,"12":2,"13":2,"14":2,"15":1,"16":2},"f":{"0":11,"1":21,"2":1,"3":2,"4":2,"5":1},"b":{"0":[11,2],"1":[2,0],"2":[2,0]}}
,"C:\\My Data\\Professional\\book-store\\src\\components\\OrderConfirmContainer.tsx": {"path":"C:\\My Data\\Professional\\book-store\\src\\components\\OrderConfirmContainer.tsx","statementMap":{"0":{"start":{"line":1,"column":0},"end":{"line":1,"column":42}},"1":{"start":{"line":2,"column":0},"end":{"line":2,"column":38}},"2":{"start":{"line":5,"column":30},"end":{"line":5,"column":45}},"3":{"start":{"line":7,"column":8},"end":{"line":7,"column":59}},"4":{"start":{"line":10,"column":19},"end":{"line":10,"column":38}},"5":{"start":{"line":12,"column":4},"end":{"line":60,"column":6}},"6":{"start":{"line":63,"column":0},"end":{"line":63,"column":37}}},"fnMap":{"0":{"name":"OrderConfirmContainer","decl":{"start":{"line":4,"column":9},"end":{"line":4,"column":30}},"loc":{"start":{"line":4,"column":30},"end":{"line":61,"column":1}}},"1":{"name":"getRandomSixDigit","decl":{"start":{"line":6,"column":13},"end":{"line":6,"column":30}},"loc":{"start":{"line":6,"column":30},"end":{"line":8,"column":5}}}},"branchMap":{},"s":{"0":1,"1":1,"2":4,"3":4,"4":4,"5":4,"6":1},"f":{"0":4,"1":4},"b":{}}
,"C:\\My Data\\Professional\\book-store\\src\\components\\OrderSummary.tsx": {"path":"C:\\My Data\\Professional\\book-store\\src\\components\\OrderSummary.tsx","statementMap":{"0":{"start":{"line":1,"column":0},"end":{"line":1,"column":33}},"1":{"start":{"line":3,"column":0},"end":{"line":3,"column":42}},"2":{"start":{"line":4,"column":0},"end":{"line":4,"column":50}},"3":{"start":{"line":5,"column":0},"end":{"line":5,"column":50}},"4":{"start":{"line":6,"column":0},"end":{"line":6,"column":50}},"5":{"start":{"line":7,"column":0},"end":{"line":7,"column":50}},"6":{"start":{"line":8,"column":0},"end":{"line":8,"column":50}},"7":{"start":{"line":9,"column":0},"end":{"line":9,"column":50}},"8":{"start":{"line":10,"column":0},"end":{"line":10,"column":50}},"9":{"start":{"line":11,"column":0},"end":{"line":11,"column":50}},"10":{"start":{"line":12,"column":0},"end":{"line":12,"column":50}},"11":{"start":{"line":13,"column":0},"end":{"line":13,"column":40}},"12":{"start":{"line":14,"column":0},"end":{"line":14,"column":39}},"13":{"start":{"line":15,"column":0},"end":{"line":15,"column":47}},"14":{"start":{"line":18,"column":21},"end":{"line":18,"column":34}},"15":{"start":{"line":19,"column":22},"end":{"line":20,"column":null}},"16":{"start":{"line":20,"column":30},"end":{"line":20,"column":40}},"17":{"start":{"line":23,"column":23},"end":{"line":28,"column":7}},"18":{"start":{"line":23,"column":44},"end":{"line":28,"column":6}},"19":{"start":{"line":30,"column":25},"end":{"line":41,"column":5}},"20":{"start":{"line":31,"column":8},"end":{"line":40,"column":9}},"21":{"start":{"line":32,"column":27},"end":{"line":32,"column":53}},"22":{"start":{"line":33,"column":12},"end":{"line":36,"column":13}},"23":{"start":{"line":34,"column":16},"end":{"line":34,"column":60}},"24":{"start":{"line":35,"column":16},"end":{"line":35,"column":null}},"25":{"start":{"line":38,"column":12},"end":{"line":38,"column":49}},"26":{"start":{"line":39,"column":12},"end":{"line":39,"column":62}},"27":{"start":{"line":43,"column":50},"end":{"line":43,"column":64}},"28":{"start":{"line":45,"column":28},"end":{"line":47,"column":5}},"29":{"start":{"line":46,"column":8},"end":{"line":46,"column":45}},"30":{"start":{"line":49,"column":23},"end":{"line":53,"column":6}},"31":{"start":{"line":55,"column":27},"end":{"line":57,"column":5}},"32":{"start":{"line":56,"column":8},"end":{"line":56,"column":108}},"33":{"start":{"line":56,"column":45},"end":{"line":56,"column":103}},"34":{"start":{"line":59,"column":4},"end":{"line":128,"column":6}},"35":{"start":{"line":75,"column":40},"end":{"line":76,"column":null}},"36":{"start":{"line":131,"column":0},"end":{"line":131,"column":28}}},"fnMap":{"0":{"name":"OrderSummary","decl":{"start":{"line":17,"column":9},"end":{"line":17,"column":21}},"loc":{"start":{"line":17,"column":21},"end":{"line":129,"column":1}}},"1":{"name":"(anonymous_2)","decl":{"start":{"line":20,"column":8},"end":{"line":20,"column":9}},"loc":{"start":{"line":20,"column":30},"end":{"line":20,"column":40}}},"2":{"name":"(anonymous_3)","decl":{"start":{"line":23,"column":33},"end":{"line":23,"column":34}},"loc":{"start":{"line":23,"column":44},"end":{"line":28,"column":6}}},"3":{"name":"(anonymous_4)","decl":{"start":{"line":30,"column":25},"end":{"line":30,"column":30}},"loc":{"start":{"line":30,"column":36},"end":{"line":41,"column":5}}},"4":{"name":"(anonymous_5)","decl":{"start":{"line":45,"column":28},"end":{"line":45,"column":31}},"loc":{"start":{"line":45,"column":33},"end":{"line":47,"column":5}}},"5":{"name":"(anonymous_6)","decl":{"start":{"line":55,"column":27},"end":{"line":55,"column":30}},"loc":{"start":{"line":55,"column":32},"end":{"line":57,"column":5}}},"6":{"name":"(anonymous_7)","decl":{"start":{"line":56,"column":28},"end":{"line":56,"column":29}},"loc":{"start":{"line":56,"column":45},"end":{"line":56,"column":103}}},"7":{"name":"(anonymous_8)","decl":{"start":{"line":74,"column":47},"end":{"line":74,"column":48}},"loc":{"start":{"line":75,"column":40},"end":{"line":76,"column":null}}}},"branchMap":{"0":{"loc":{"start":{"line":33,"column":12},"end":{"line":36,"column":13}},"type":"if","locations":[{"start":{"line":33,"column":12},"end":{"line":36,"column":13}}]},"1":{"loc":{"start":{"line":33,"column":16},"end":{"line":33,"column":48}},"type":"binary-expr","locations":[{"start":{"line":33,"column":16},"end":{"line":33,"column":30}},{"start":{"line":33,"column":34},"end":{"line":33,"column":48}}]},"2":{"loc":{"start":{"line":70,"column":21},"end":{"line":123,"column":null}},"type":"binary-expr","locations":[{"start":{"line":70,"column":21},"end":{"line":70,"column":36}},{"start":{"line":71,"column":24},"end":{"line":122,"column":null}}]},"3":{"loc":{"start":{"line":99,"column":33},"end":{"line":114,"column":null}},"type":"binary-expr","locations":[{"start":{"line":99,"column":33},"end":{"line":99,"column":49}},{"start":{"line":100,"column":36},"end":{"line":113,"column":null}}]},"4":{"loc":{"start":{"line":117,"column":33},"end":{"line":120,"column":null}},"type":"binary-expr","locations":[{"start":{"line":117,"column":33},"end":{"line":117,"column":51}},{"start":{"line":118,"column":36},"end":{"line":119,"column":null}}]}},"s":{"0":1,"1":1,"2":1,"3":1,"4":1,"5":1,"6":1,"7":1,"8":1,"9":1,"10":1,"11":1,"12":1,"13":1,"14":4,"15":4,"16":7,"17":4,"18":4,"19":4,"20":1,"21":1,"22":1,"23":1,"24":1,"25":0,"26":0,"27":4,"28":4,"29":0,"30":4,"31":4,"32":3,"33":4,"34":4,"35":4,"36":1},"f":{"0":4,"1":7,"2":4,"3":1,"4":0,"5":3,"6":4,"7":4},"b":{"0":[1],"1":[1,0],"2":[4,4],"3":[4,3],"4":[4,1]}}
,"C:\\My Data\\Professional\\book-store\\src\\pages\\MyCartPage.tsx": {"path":"C:\\My Data\\Professional\\book-store\\src\\pages\\MyCartPage.tsx","statementMap":{"0":{"start":{"line":1,"column":0},"end":{"line":1,"column":41}},"1":{"start":{"line":2,"column":0},"end":{"line":2,"column":41}},"2":{"start":{"line":3,"column":0},"end":{"line":3,"column":59}},"3":{"start":{"line":4,"column":0},"end":{"line":4,"column":51}},"4":{"start":{"line":5,"column":0},"end":{"line":5,"column":53}},"5":{"start":{"line":6,"column":0},"end":{"line":6,"column":32}},"6":{"start":{"line":9,"column":54},"end":{"line":9,"column":69}},"7":{"start":{"line":11,"column":4},"end":{"line":19,"column":null}},"8":{"start":{"line":22,"column":0},"end":{"line":22,"column":null}}},"fnMap":{"0":{"name":"MyCartPage","decl":{"start":{"line":8,"column":9},"end":{"line":8,"column":19}},"loc":{"start":{"line":8,"column":19},"end":{"line":20,"column":1}}}},"branchMap":{},"s":{"0":1,"1":1,"2":1,"3":1,"4":1,"5":1,"6":1,"7":1,"8":1},"f":{"0":1},"b":{}}
,"C:\\My Data\\Professional\\book-store\\src\\pages\\PleaseLoginPage.tsx": {"path":"C:\\My Data\\Professional\\book-store\\src\\pages\\PleaseLoginPage.tsx","statementMap":{"0":{"start":{"line":1,"column":0},"end":{"line":1,"column":43}},"1":{"start":{"line":2,"column":0},"end":{"line":2,"column":64}},"2":{"start":{"line":3,"column":0},"end":{"line":3,"column":42}},"3":{"start":{"line":6,"column":4},"end":{"line":20,"column":null}},"4":{"start":{"line":23,"column":0},"end":{"line":23,"column":null}}},"fnMap":{"0":{"name":"PleaseLoginPage","decl":{"start":{"line":5,"column":9},"end":{"line":5,"column":24}},"loc":{"start":{"line":5,"column":24},"end":{"line":21,"column":1}}}},"branchMap":{},"s":{"0":1,"1":1,"2":1,"3":3,"4":1},"f":{"0":3},"b":{}}
,"C:\\My Data\\Professional\\book-store\\src\\pages\\Profile.tsx": {"path":"C:\\My Data\\Professional\\book-store\\src\\pages\\Profile.tsx","statementMap":{"0":{"start":{"line":1,"column":0},"end":{"line":1,"column":42}},"1":{"start":{"line":2,"column":0},"end":{"line":2,"column":42}},"2":{"start":{"line":3,"column":0},"end":{"line":3,"column":46}},"3":{"start":{"line":5,"column":19},"end":{"line":10,"column":2}},"4":{"start":{"line":12,"column":21},"end":{"line":25,"column":2}},"5":{"start":{"line":28,"column":58},"end":{"line":28,"column":73}},"6":{"start":{"line":29,"column":48},"end":{"line":29,"column":62}},"7":{"start":{"line":30,"column":46},"end":{"line":30,"column":60}},"8":{"start":{"line":31,"column":36},"end":{"line":31,"column":56}},"9":{"start":{"line":32,"column":42},"end":{"line":32,"column":64}},"10":{"start":{"line":33,"column":52},"end":{"line":33,"column":81}},"11":{"start":{"line":35,"column":33},"end":{"line":41,"column":5}},"12":{"start":{"line":36,"column":30},"end":{"line":36,"column":38}},"13":{"start":{"line":37,"column":8},"end":{"line":40,"column":12}},"14":{"start":{"line":37,"column":31},"end":{"line":40,"column":10}},"15":{"start":{"line":43,"column":31},"end":{"line":45,"column":5}},"16":{"start":{"line":44,"column":8},"end":{"line":44,"column":38}},"17":{"start":{"line":47,"column":32},"end":{"line":57,"column":5}},"18":{"start":{"line":51,"column":30},"end":{"line":51,"column":38}},"19":{"start":{"line":52,"column":8},"end":{"line":56,"column":10}},"20":{"start":{"line":53,"column":12},"end":{"line":54,"column":null}},"21":{"start":{"line":54,"column":16},"end":{"line":54,"column":61}},"22":{"start":{"line":59,"column":30},"end":{"line":66,"column":5}},"23":{"start":{"line":60,"column":26},"end":{"line":60,"column":34}},"24":{"start":{"line":61,"column":8},"end":{"line":65,"column":10}},"25":{"start":{"line":62,"column":12},"end":{"line":63,"column":null}},"26":{"start":{"line":63,"column":16},"end":{"line":63,"column":61}},"27":{"start":{"line":68,"column":30},"end":{"line":71,"column":5}},"28":{"start":{"line":69,"column":8},"end":{"line":69,"column":34}},"29":{"start":{"line":70,"column":8},"end":{"line":70,"column":58}},"30":{"start":{"line":73,"column":4},"end":{"line":307,"column":6}},"31":{"start":{"line":95,"column":47},"end":{"line":95,"column":81}},"32":{"start":{"line":105,"column":59},"end":{"line":105,"column":103}},"33":{"start":{"line":183,"column":47},"end":{"line":183,"column":79}},"34":{"start":{"line":197,"column":40},"end":{"line":197,"column":57}},"35":{"start":{"line":205,"column":60},"end":{"line":205,"column":122}},"36":{"start":{"line":214,"column":71},"end":{"line":214,"column":95}},"37":{"start":{"line":230,"column":73},"end":{"line":230,"column":102}},"38":{"start":{"line":249,"column":77},"end":{"line":249,"column":106}},"39":{"start":{"line":268,"column":77},"end":{"line":268,"column":106}},"40":{"start":{"line":282,"column":56},"end":{"line":282,"column":74}},"41":{"start":{"line":284,"column":81},"end":{"line":284,"column":108}},"42":{"start":{"line":310,"column":0},"end":{"line":310,"column":23}}},"fnMap":{"0":{"name":"Profile","decl":{"start":{"line":27,"column":9},"end":{"line":27,"column":16}},"loc":{"start":{"line":27,"column":16},"end":{"line":308,"column":1}}},"1":{"name":"(anonymous_2)","decl":{"start":{"line":35,"column":33},"end":{"line":35,"column":34}},"loc":{"start":{"line":35,"column":70},"end":{"line":41,"column":5}}},"2":{"name":"(anonymous_3)","decl":{"start":{"line":37,"column":20},"end":{"line":37,"column":21}},"loc":{"start":{"line":37,"column":31},"end":{"line":40,"column":10}}},"3":{"name":"(anonymous_4)","decl":{"start":{"line":43,"column":31},"end":{"line":43,"column":34}},"loc":{"start":{"line":43,"column":36},"end":{"line":45,"column":5}}},"4":{"name":"(anonymous_5)","decl":{"start":{"line":47,"column":32},"end":{"line":47,"column":null}},"loc":{"start":{"line":50,"column":8},"end":{"line":57,"column":5}}},"5":{"name":"(anonymous_6)","decl":{"start":{"line":52,"column":23},"end":{"line":52,"column":24}},"loc":{"start":{"line":53,"column":12},"end":{"line":54,"column":null}}},"6":{"name":"(anonymous_7)","decl":{"start":{"line":53,"column":21},"end":{"line":53,"column":22}},"loc":{"start":{"line":54,"column":16},"end":{"line":54,"column":61}}},"7":{"name":"(anonymous_8)","decl":{"start":{"line":59,"column":30},"end":{"line":59,"column":31}},"loc":{"start":{"line":59,"column":82},"end":{"line":66,"column":5}}},"8":{"name":"(anonymous_9)","decl":{"start":{"line":61,"column":23},"end":{"line":61,"column":24}},"loc":{"start":{"line":62,"column":12},"end":{"line":63,"column":null}}},"9":{"name":"(anonymous_10)","decl":{"start":{"line":62,"column":21},"end":{"line":62,"column":22}},"loc":{"start":{"line":63,"column":16},"end":{"line":63,"column":61}}},"10":{"name":"(anonymous_11)","decl":{"start":{"line":68,"column":30},"end":{"line":68,"column":31}},"loc":{"start":{"line":68,"column":48},"end":{"line":71,"column":5}}},"11":{"name":"(anonymous_12)","decl":{"start":{"line":95,"column":41},"end":{"line":95,"column":44}},"loc":{"start":{"line":95,"column":47},"end":{"line":95,"column":81}}},"12":{"name":"(anonymous_13)","decl":{"start":{"line":105,"column":53},"end":{"line":105,"column":56}},"loc":{"start":{"line":105,"column":59},"end":{"line":105,"column":103}}},"13":{"name":"(anonymous_14)","decl":{"start":{"line":183,"column":41},"end":{"line":183,"column":44}},"loc":{"start":{"line":183,"column":47},"end":{"line":183,"column":79}}},"14":{"name":"(anonymous_15)","decl":{"start":{"line":196,"column":53},"end":{"line":196,"column":54}},"loc":{"start":{"line":197,"column":40},"end":{"line":197,"column":57}}},"15":{"name":"(anonymous_16)","decl":{"start":{"line":204,"column":65},"end":{"line":204,"column":68}},"loc":{"start":{"line":205,"column":60},"end":{"line":205,"column":122}}},"16":{"name":"(anonymous_17)","decl":{"start":{"line":214,"column":65},"end":{"line":214,"column":68}},"loc":{"start":{"line":214,"column":71},"end":{"line":214,"column":95}}},"17":{"name":"(anonymous_18)","decl":{"start":{"line":230,"column":66},"end":{"line":230,"column":67}},"loc":{"start":{"line":230,"column":73},"end":{"line":230,"column":102}}},"18":{"name":"(anonymous_19)","decl":{"start":{"line":249,"column":70},"end":{"line":249,"column":71}},"loc":{"start":{"line":249,"column":77},"end":{"line":249,"column":106}}},"19":{"name":"(anonymous_20)","decl":{"start":{"line":268,"column":70},"end":{"line":268,"column":71}},"loc":{"start":{"line":268,"column":77},"end":{"line":268,"column":106}}},"20":{"name":"(anonymous_21)","decl":{"start":{"line":281,"column":83},"end":{"line":281,"column":84}},"loc":{"start":{"line":282,"column":56},"end":{"line":282,"column":74}}},"21":{"name":"(anonymous_22)","decl":{"start":{"line":284,"column":74},"end":{"line":284,"column":75}},"loc":{"start":{"line":284,"column":81},"end":{"line":284,"column":108}}}},"branchMap":{"0":{"loc":{"start":{"line":54,"column":16},"end":{"line":54,"column":61}},"type":"cond-expr","locations":[{"start":{"line":54,"column":30},"end":{"line":54,"column":54}},{"start":{"line":54,"column":57},"end":{"line":54,"column":61}}]},"1":{"loc":{"start":{"line":63,"column":16},"end":{"line":63,"column":61}},"type":"cond-expr","locations":[{"start":{"line":63,"column":30},"end":{"line":63,"column":54}},{"start":{"line":63,"column":57},"end":{"line":63,"column":61}}]},"2":{"loc":{"start":{"line":98,"column":59},"end":{"line":98,"column":85}},"type":"cond-expr","locations":[{"start":{"line":98,"column":76},"end":{"line":98,"column":79}},{"start":{"line":98,"column":82},"end":{"line":98,"column":85}}]},"3":{"loc":{"start":{"line":101,"column":29},"end":{"line":176,"column":null}},"type":"binary-expr","locations":[{"start":{"line":101,"column":29},"end":{"line":101,"column":43}},{"start":{"line":102,"column":32},"end":{"line":175,"column":null}}]},"4":{"loc":{"start":{"line":108,"column":45},"end":{"line":108,"column":84}},"type":"cond-expr","locations":[{"start":{"line":108,"column":67},"end":{"line":108,"column":75}},{"start":{"line":108,"column":78},"end":{"line":108,"column":84}}]},"5":{"loc":{"start":{"line":110,"column":41},"end":{"line":116,"column":null}},"type":"binary-expr","locations":[{"start":{"line":110,"column":41},"end":{"line":110,"column":60}},{"start":{"line":111,"column":44},"end":{"line":113,"column":null}}]},"6":{"loc":{"start":{"line":129,"column":182},"end":{"line":129,"column":null}},"type":"cond-expr","locations":[{"start":{"line":129,"column":205},"end":{"line":129,"column":234}},{"start":{"line":129,"column":237},"end":{"line":129,"column":null}}]},"7":{"loc":{"start":{"line":143,"column":182},"end":{"line":143,"column":null}},"type":"cond-expr","locations":[{"start":{"line":143,"column":205},"end":{"line":143,"column":234}},{"start":{"line":143,"column":237},"end":{"line":143,"column":null}}]},"8":{"loc":{"start":{"line":157,"column":182},"end":{"line":157,"column":null}},"type":"cond-expr","locations":[{"start":{"line":157,"column":205},"end":{"line":157,"column":234}},{"start":{"line":157,"column":237},"end":{"line":157,"column":null}}]},"9":{"loc":{"start":{"line":171,"column":182},"end":{"line":171,"column":null}},"type":"cond-expr","locations":[{"start":{"line":171,"column":205},"end":{"line":171,"column":234}},{"start":{"line":171,"column":237},"end":{"line":171,"column":null}}]},"10":{"loc":{"start":{"line":186,"column":59},"end":{"line":186,"column":84}},"type":"cond-expr","locations":[{"start":{"line":186,"column":75},"end":{"line":186,"column":78}},{"start":{"line":186,"column":81},"end":{"line":186,"column":84}}]},"11":{"loc":{"start":{"line":189,"column":29},"end":{"line":299,"column":null}},"type":"binary-expr","locations":[{"start":{"line":189,"column":29},"end":{"line":189,"column":42}},{"start":{"line":190,"column":32},"end":{"line":298,"column":null}}]},"12":{"loc":{"start":{"line":205,"column":80},"end":{"line":205,"column":121}},"type":"cond-expr","locations":[{"start":{"line":205,"column":109},"end":{"line":205,"column":113}},{"start":{"line":205,"column":116},"end":{"line":205,"column":121}}]},"13":{"loc":{"start":{"line":209,"column":57},"end":{"line":209,"column":103}},"type":"cond-expr","locations":[{"start":{"line":209,"column":86},"end":{"line":209,"column":94}},{"start":{"line":209,"column":97},"end":{"line":209,"column":103}}]},"14":{"loc":{"start":{"line":212,"column":49},"end":{"line":218,"column":null}},"type":"binary-expr","locations":[{"start":{"line":212,"column":49},"end":{"line":212,"column":75}},{"start":{"line":213,"column":52},"end":{"line":215,"column":null}}]},"15":{"loc":{"start":{"line":234,"column":213},"end":{"line":236,"column":null}},"type":"cond-expr","locations":[{"start":{"line":235,"column":62},"end":{"line":235,"column":91}},{"start":{"line":236,"column":62},"end":{"line":236,"column":null}}]},"16":{"loc":{"start":{"line":254,"column":194},"end":{"line":256,"column":null}},"type":"cond-expr","locations":[{"start":{"line":255,"column":66},"end":{"line":255,"column":95}},{"start":{"line":256,"column":66},"end":{"line":256,"column":null}}]},"17":{"loc":{"start":{"line":273,"column":194},"end":{"line":275,"column":null}},"type":"cond-expr","locations":[{"start":{"line":274,"column":66},"end":{"line":274,"column":95}},{"start":{"line":275,"column":66},"end":{"line":275,"column":null}}]}},"s":{"0":1,"1":1,"2":1,"3":1,"4":1,"5":5,"6":5,"7":5,"8":5,"9":5,"10":5,"11":5,"12":0,"13":0,"14":0,"15":5,"16":0,"17":5,"18":0,"19":0,"20":0,"21":0,"22":5,"23":0,"24":0,"25":0,"26":0,"27":5,"28":0,"29":0,"30":5,"31":0,"32":0,"33":0,"34":10,"35":0,"36":0,"37":0,"38":0,"39":0,"40":30,"41":0,"42":1},"f":{"0":5,"1":0,"2":0,"3":0,"4":0,"5":0,"6":0,"7":0,"8":0,"9":0,"10":0,"11":0,"12":0,"13":0,"14":10,"15":0,"16":0,"17":0,"18":0,"19":0,"20":30,"21":0},"b":{"0":[0,0],"1":[0,0],"2":[5,0],"3":[5,5],"4":[0,5],"5":[5,0],"6":[5,0],"7":[5,0],"8":[5,0],"9":[5,0],"10":[5,0],"11":[5,5],"12":[0,0],"13":[0,10],"14":[10,0],"15":[10,0],"16":[10,0],"17":[10,0]}}
,"C:\\My Data\\Professional\\book-store\\src\\redux\\bookSlice.ts": {"path":"C:\\My Data\\Professional\\book-store\\src\\redux\\bookSlice.ts","statementMap":{"0":{"start":{"line":1,"column":0},"end":{"line":1,"column":80}},"1":{"start":{"line":2,"column":0},"end":{"line":2,"column":43}},"2":{"start":{"line":24,"column":13},"end":{"line":27,"column":3}},"3":{"start":{"line":25,"column":21},"end":{"line":25,"column":40}},"4":{"start":{"line":26,"column":4},"end":{"line":26,"column":27}},"5":{"start":{"line":29,"column":33},"end":{"line":33,"column":2}},"6":{"start":{"line":35,"column":18},"end":{"line":53,"column":2}},"7":{"start":{"line":40,"column":8},"end":{"line":51,"column":15}},"8":{"start":{"line":42,"column":16},"end":{"line":42,"column":41}},"9":{"start":{"line":45,"column":16},"end":{"line":45,"column":43}},"10":{"start":{"line":46,"column":16},"end":{"line":46,"column":48}},"11":{"start":{"line":49,"column":16},"end":{"line":49,"column":40}},"12":{"start":{"line":50,"column":16},"end":{"line":50,"column":77}},"13":{"start":{"line":55,"column":0},"end":{"line":55,"column":33}}},"fnMap":{"0":{"name":"(anonymous_0)","decl":{"start":{"line":24,"column":71},"end":{"line":24,"column":76}},"loc":{"start":{"line":24,"column":82},"end":{"line":27,"column":1}}},"1":{"name":"(anonymous_1)","decl":{"start":{"line":39,"column":19},"end":{"line":39,"column":20}},"loc":{"start":{"line":39,"column":31},"end":{"line":52,"column":5}}},"2":{"name":"(anonymous_2)","decl":{"start":{"line":41,"column":41},"end":{"line":41,"column":42}},"loc":{"start":{"line":41,"column":51},"end":{"line":43,"column":13}}},"3":{"name":"(anonymous_3)","decl":{"start":{"line":44,"column":43},"end":{"line":44,"column":44}},"loc":{"start":{"line":44,"column":84},"end":{"line":47,"column":13}}},"4":{"name":"(anonymous_4)","decl":{"start":{"line":48,"column":42},"end":{"line":48,"column":43}},"loc":{"start":{"line":48,"column":60},"end":{"line":51,"column":13}}}},"branchMap":{"0":{"loc":{"start":{"line":50,"column":30},"end":{"line":50,"column":76}},"type":"binary-expr","locations":[{"start":{"line":50,"column":30},"end":{"line":50,"column":50}},{"start":{"line":50,"column":54},"end":{"line":50,"column":76}}]}},"s":{"0":4,"1":4,"2":4,"3":0,"4":0,"5":4,"6":4,"7":3,"8":0,"9":0,"10":0,"11":0,"12":0,"13":4},"f":{"0":0,"1":3,"2":0,"3":0,"4":0},"b":{"0":[0,0]}}
,"C:\\My Data\\Professional\\book-store\\src\\redux\\cartSlice.ts": {"path":"C:\\My Data\\Professional\\book-store\\src\\redux\\cartSlice.ts","statementMap":{"0":{"start":{"line":1,"column":0},"end":{"line":1,"column":80}},"1":{"start":{"line":2,"column":0},"end":{"line":2,"column":61}},"2":{"start":{"line":3,"column":0},"end":{"line":3,"column":39}},"3":{"start":{"line":42,"column":28},"end":{"line":43,"column":60}},"4":{"start":{"line":43,"column":4},"end":{"line":43,"column":60}},"5":{"start":{"line":43,"column":32},"end":{"line":43,"column":56}},"6":{"start":{"line":45,"column":33},"end":{"line":53,"column":1}},"7":{"start":{"line":46,"column":23},"end":{"line":46,"column":71}},"8":{"start":{"line":47,"column":4},"end":{"line":52,"column":6}},"9":{"start":{"line":55,"column":13},"end":{"line":61,"column":2}},"10":{"start":{"line":58,"column":25},"end":{"line":58,"column":45}},"11":{"start":{"line":59,"column":8},"end":{"line":59,"column":24}},"12":{"start":{"line":63,"column":13},"end":{"line":74,"column":2}},"13":{"start":{"line":66,"column":23},"end":{"line":66,"column":52}},"14":{"start":{"line":67,"column":8},"end":{"line":72,"column":9}},"15":{"start":{"line":68,"column":12},"end":{"line":68,"column":58}},"16":{"start":{"line":69,"column":12},"end":{"line":69,"column":26}},"17":{"start":{"line":71,"column":12},"end":{"line":71,"column":62}},"18":{"start":{"line":76,"column":32},"end":{"line":76,"column":58}},"19":{"start":{"line":78,"column":18},"end":{"line":180,"column":2}},"20":{"start":{"line":86,"column":47},"end":{"line":86,"column":61}},"21":{"start":{"line":88,"column":33},"end":{"line":89,"column":null}},"22":{"start":{"line":89,"column":26},"end":{"line":89,"column":61}},"23":{"start":{"line":92,"column":12},"end":{"line":120,"column":13}},"24":{"start":{"line":93,"column":16},"end":{"line":93,"column":60}},"25":{"start":{"line":95,"column":16},"end":{"line":97,"column":18}},"26":{"start":{"line":99,"column":42},"end":{"line":113,"column":18}},"27":{"start":{"line":115,"column":16},"end":{"line":115,"column":42}},"28":{"start":{"line":117,"column":16},"end":{"line":119,"column":18}},"29":{"start":{"line":122,"column":12},"end":{"line":122,"column":64}},"30":{"start":{"line":124,"column":12},"end":{"line":124,"column":70}},"31":{"start":{"line":131,"column":33},"end":{"line":132,"column":null}},"32":{"start":{"line":132,"column":26},"end":{"line":132,"column":56}},"33":{"start":{"line":134,"column":12},"end":{"line":138,"column":13}},"34":{"start":{"line":135,"column":16},"end":{"line":135,"column":74}},"35":{"start":{"line":136,"column":16},"end":{"line":136,"column":68}},"36":{"start":{"line":137,"column":16},"end":{"line":137,"column":74}},"37":{"start":{"line":142,"column":8},"end":{"line":178,"column":15}},"38":{"start":{"line":144,"column":16},"end":{"line":144,"column":41}},"39":{"start":{"line":149,"column":20},"end":{"line":149,"column":47}},"40":{"start":{"line":150,"column":20},"end":{"line":150,"column":49}},"41":{"start":{"line":151,"column":20},"end":{"line":151,"column":75}},"42":{"start":{"line":152,"column":20},"end":{"line":152,"column":78}},"43":{"start":{"line":156,"column":16},"end":{"line":156,"column":40}},"44":{"start":{"line":157,"column":16},"end":{"line":158,"column":73}},"45":{"start":{"line":161,"column":16},"end":{"line":161,"column":41}},"46":{"start":{"line":166,"column":20},"end":{"line":166,"column":47}},"47":{"start":{"line":167,"column":20},"end":{"line":169,"column":22}},"48":{"start":{"line":168,"column":34},"end":{"line":168,"column":61}},"49":{"start":{"line":170,"column":20},"end":{"line":170,"column":72}},"50":{"start":{"line":171,"column":20},"end":{"line":171,"column":78}},"51":{"start":{"line":175,"column":16},"end":{"line":175,"column":40}},"52":{"start":{"line":176,"column":16},"end":{"line":177,"column":73}},"53":{"start":{"line":182,"column":13},"end":{"line":182,"column":53}},"54":{"start":{"line":183,"column":0},"end":{"line":183,"column":33}}},"fnMap":{"0":{"name":"(anonymous_0)","decl":{"start":{"line":42,"column":28},"end":{"line":42,"column":29}},"loc":{"start":{"line":43,"column":4},"end":{"line":43,"column":60}}},"1":{"name":"(anonymous_1)","decl":{"start":{"line":43,"column":17},"end":{"line":43,"column":18}},"loc":{"start":{"line":43,"column":32},"end":{"line":43,"column":56}}},"2":{"name":"(anonymous_2)","decl":{"start":{"line":45,"column":33},"end":{"line":45,"column":47}},"loc":{"start":{"line":45,"column":49},"end":{"line":53,"column":1}}},"3":{"name":"(anonymous_3)","decl":{"start":{"line":57,"column":4},"end":{"line":57,"column":9}},"loc":{"start":{"line":57,"column":15},"end":{"line":60,"column":5}}},"4":{"name":"(anonymous_4)","decl":{"start":{"line":65,"column":4},"end":{"line":65,"column":9}},"loc":{"start":{"line":65,"column":21},"end":{"line":73,"column":5}}},"5":{"name":"(anonymous_5)","decl":{"start":{"line":82,"column":23},"end":{"line":82,"column":null}},"loc":{"start":{"line":85,"column":12},"end":{"line":125,"column":9}}},"6":{"name":"(anonymous_6)","decl":{"start":{"line":89,"column":16},"end":{"line":89,"column":17}},"loc":{"start":{"line":89,"column":26},"end":{"line":89,"column":61}}},"7":{"name":"(anonymous_7)","decl":{"start":{"line":127,"column":28},"end":{"line":127,"column":null}},"loc":{"start":{"line":130,"column":12},"end":{"line":139,"column":9}}},"8":{"name":"(anonymous_8)","decl":{"start":{"line":132,"column":16},"end":{"line":132,"column":17}},"loc":{"start":{"line":132,"column":26},"end":{"line":132,"column":56}}},"9":{"name":"(anonymous_9)","decl":{"start":{"line":141,"column":19},"end":{"line":141,"column":20}},"loc":{"start":{"line":141,"column":31},"end":{"line":179,"column":5}}},"10":{"name":"(anonymous_10)","decl":{"start":{"line":143,"column":45},"end":{"line":143,"column":46}},"loc":{"start":{"line":143,"column":55},"end":{"line":145,"column":13}}},"11":{"name":"(anonymous_11)","decl":{"start":{"line":148,"column":16},"end":{"line":148,"column":17}},"loc":{"start":{"line":148,"column":61},"end":{"line":153,"column":17}}},"12":{"name":"(anonymous_12)","decl":{"start":{"line":155,"column":46},"end":{"line":155,"column":47}},"loc":{"start":{"line":155,"column":64},"end":{"line":159,"column":13}}},"13":{"name":"(anonymous_13)","decl":{"start":{"line":160,"column":45},"end":{"line":160,"column":46}},"loc":{"start":{"line":160,"column":55},"end":{"line":162,"column":13}}},"14":{"name":"(anonymous_14)","decl":{"start":{"line":165,"column":16},"end":{"line":165,"column":17}},"loc":{"start":{"line":165,"column":57},"end":{"line":172,"column":17}}},"15":{"name":"(anonymous_15)","decl":{"start":{"line":168,"column":24},"end":{"line":168,"column":25}},"loc":{"start":{"line":168,"column":34},"end":{"line":168,"column":61}}},"16":{"name":"(anonymous_16)","decl":{"start":{"line":174,"column":46},"end":{"line":174,"column":47}},"loc":{"start":{"line":174,"column":64},"end":{"line":178,"column":13}}}},"branchMap":{"0":{"loc":{"start":{"line":46,"column":34},"end":{"line":46,"column":70}},"type":"binary-expr","locations":[{"start":{"line":46,"column":34},"end":{"line":46,"column":62}},{"start":{"line":46,"column":66},"end":{"line":46,"column":70}}]},"1":{"loc":{"start":{"line":67,"column":8},"end":{"line":72,"column":9}},"type":"if","locations":[{"start":{"line":67,"column":8},"end":{"line":72,"column":9}},{"start":{"line":70,"column":15},"end":{"line":72,"column":9}}]},"2":{"loc":{"start":{"line":92,"column":12},"end":{"line":120,"column":13}},"type":"if","locations":[{"start":{"line":92,"column":12},"end":{"line":120,"column":13}},{"start":{"line":98,"column":19},"end":{"line":120,"column":13}}]},"3":{"loc":{"start":{"line":134,"column":12},"end":{"line":138,"column":13}},"type":"if","locations":[{"start":{"line":134,"column":12},"end":{"line":138,"column":13}}]},"4":{"loc":{"start":{"line":158,"column":20},"end":{"line":158,"column":72}},"type":"binary-expr","locations":[{"start":{"line":158,"column":20},"end":{"line":158,"column":40}},{"start":{"line":158,"column":44},"end":{"line":158,"column":72}}]},"5":{"loc":{"start":{"line":177,"column":20},"end":{"line":177,"column":72}},"type":"binary-expr","locations":[{"start":{"line":177,"column":20},"end":{"line":177,"column":40}},{"start":{"line":177,"column":44},"end":{"line":177,"column":72}}]}},"s":{"0":3,"1":3,"2":3,"3":3,"4":3,"5":0,"6":3,"7":3,"8":3,"9":3,"10":0,"11":0,"12":3,"13":0,"14":0,"15":0,"16":0,"17":0,"18":3,"19":3,"20":0,"21":0,"22":0,"23":0,"24":0,"25":0,"26":0,"27":0,"28":0,"29":0,"30":0,"31":0,"32":0,"33":0,"34":0,"35":0,"36":0,"37":3,"38":0,"39":0,"40":0,"41":0,"42":0,"43":0,"44":0,"45":0,"46":0,"47":0,"48":0,"49":0,"50":0,"51":0,"52":0,"53":3,"54":3},"f":{"0":3,"1":0,"2":3,"3":0,"4":0,"5":0,"6":0,"7":0,"8":0,"9":3,"10":0,"11":0,"12":0,"13":0,"14":0,"15":0,"16":0},"b":{"0":[3,3],"1":[0,0],"2":[0,0],"3":[0],"4":[0,0],"5":[0,0]}}
,"C:\\My Data\\Professional\\book-store\\src\\redux\\searchSlice.ts": {"path":"C:\\My Data\\Professional\\book-store\\src\\redux\\searchSlice.ts","statementMap":{"0":{"start":{"line":1,"column":0},"end":{"line":1,"column":62}},"1":{"start":{"line":7,"column":34},"end":{"line":9,"column":2}},"2":{"start":{"line":11,"column":20},"end":{"line":19,"column":2}},"3":{"start":{"line":16,"column":6},"end":{"line":16,"column":35}},"4":{"start":{"line":21,"column":33},"end":{"line":21,"column":87}},"5":{"start":{"line":21,"column":69},"end":{"line":21,"column":87}},"6":{"start":{"line":21,"column":13},"end":{"line":21,"column":33}},"7":{"start":{"line":22,"column":15},"end":{"line":22,"column":54}},"8":{"start":{"line":23,"column":0},"end":{"line":23,"column":35}}},"fnMap":{"0":{"name":"(anonymous_0)","decl":{"start":{"line":15,"column":20},"end":{"line":15,"column":21}},"loc":{"start":{"line":15,"column":61},"end":{"line":17,"column":5}}},"1":{"name":"(anonymous_1)","decl":{"start":{"line":21,"column":33},"end":{"line":21,"column":34}},"loc":{"start":{"line":21,"column":69},"end":{"line":21,"column":87}}}},"branchMap":{},"s":{"0":4,"1":4,"2":4,"3":1,"4":4,"5":24,"6":4,"7":4,"8":4},"f":{"0":1,"1":24},"b":{}}
,"C:\\My Data\\Professional\\book-store\\src\\redux\\store.ts": {"path":"C:\\My Data\\Professional\\book-store\\src\\redux\\store.ts","statementMap":{"0":{"start":{"line":1,"column":0},"end":{"line":1,"column":50}},"1":{"start":{"line":2,"column":0},"end":{"line":2,"column":38}},"2":{"start":{"line":3,"column":0},"end":{"line":3,"column":42}},"3":{"start":{"line":4,"column":0},"end":{"line":4,"column":38}},"4":{"start":{"line":6,"column":13},"end":{"line":12,"column":3}}},"fnMap":{},"branchMap":{},"s":{"0":3,"1":3,"2":3,"3":3,"4":3},"f":{},"b":{}}
,"C:\\My Data\\Professional\\book-store\\src\\utils\\API.ts": {"path":"C:\\My Data\\Professional\\book-store\\src\\utils\\API.ts","statementMap":{"0":{"start":{"line":1,"column":0},"end":{"line":1,"column":26}},"1":{"start":{"line":2,"column":17},"end":{"line":2,"column":77}},"2":{"start":{"line":4,"column":25},"end":{"line":13,"column":1}},"3":{"start":{"line":5,"column":4},"end":{"line":12,"column":5}},"4":{"start":{"line":6,"column":25},"end":{"line":6,"column":83}},"5":{"start":{"line":7,"column":8},"end":{"line":7,"column":29}},"6":{"start":{"line":10,"column":8},"end":{"line":10,"column":45}},"7":{"start":{"line":11,"column":8},"end":{"line":11,"column":20}},"8":{"start":{"line":4,"column":13},"end":{"line":4,"column":25}},"9":{"start":{"line":15,"column":28},"end":{"line":24,"column":1}},"10":{"start":{"line":16,"column":4},"end":{"line":23,"column":5}},"11":{"start":{"line":17,"column":25},"end":{"line":17,"column":107}},"12":{"start":{"line":18,"column":8},"end":{"line":18,"column":29}},"13":{"start":{"line":21,"column":8},"end":{"line":21,"column":52}},"14":{"start":{"line":22,"column":8},"end":{"line":22,"column":20}},"15":{"start":{"line":15,"column":13},"end":{"line":15,"column":28}},"16":{"start":{"line":26,"column":27},"end":{"line":35,"column":1}},"17":{"start":{"line":27,"column":4},"end":{"line":34,"column":5}},"18":{"start":{"line":28,"column":25},"end":{"line":28,"column":64}},"19":{"start":{"line":29,"column":8},"end":{"line":29,"column":29}},"20":{"start":{"line":32,"column":8},"end":{"line":32,"column":54}},"21":{"start":{"line":33,"column":8},"end":{"line":33,"column":20}},"22":{"start":{"line":26,"column":13},"end":{"line":26,"column":27}},"23":{"start":{"line":37,"column":30},"end":{"line":54,"column":1}},"24":{"start":{"line":38,"column":4},"end":{"line":53,"column":5}},"25":{"start":{"line":39,"column":26},"end":{"line":39,"column":77}},"26":{"start":{"line":40,"column":22},"end":{"line":40,"column":38}},"27":{"start":{"line":42,"column":25},"end":{"line":46,"column":10}},"28":{"start":{"line":48,"column":8},"end":{"line":48,"column":29}},"29":{"start":{"line":51,"column":8},"end":{"line":51,"column":56}},"30":{"start":{"line":52,"column":8},"end":{"line":52,"column":20}},"31":{"start":{"line":37,"column":13},"end":{"line":37,"column":30}},"32":{"start":{"line":56,"column":30},"end":{"line":76,"column":1}},"33":{"start":{"line":57,"column":4},"end":{"line":75,"column":5}},"34":{"start":{"line":58,"column":26},"end":{"line":58,"column":77}},"35":{"start":{"line":59,"column":22},"end":{"line":59,"column":38}},"36":{"start":{"line":61,"column":25},"end":{"line":68,"column":null}},"37":{"start":{"line":71,"column":8},"end":{"line":71,"column":29}},"38":{"start":{"line":73,"column":8},"end":{"line":73,"column":54}},"39":{"start":{"line":74,"column":8},"end":{"line":74,"column":20}},"40":{"start":{"line":56,"column":13},"end":{"line":56,"column":30}},"41":{"start":{"line":78,"column":27},"end":{"line":98,"column":1}},"42":{"start":{"line":79,"column":4},"end":{"line":97,"column":5}},"43":{"start":{"line":80,"column":26},"end":{"line":80,"column":77}},"44":{"start":{"line":81,"column":22},"end":{"line":81,"column":38}},"45":{"start":{"line":83,"column":25},"end":{"line":90,"column":null}},"46":{"start":{"line":93,"column":8},"end":{"line":93,"column":29}},"47":{"start":{"line":95,"column":8},"end":{"line":95,"column":55}},"48":{"start":{"line":96,"column":8},"end":{"line":96,"column":20}},"49":{"start":{"line":78,"column":13},"end":{"line":78,"column":27}},"50":{"start":{"line":100,"column":30},"end":{"line":117,"column":1}},"51":{"start":{"line":101,"column":4},"end":{"line":116,"column":5}},"52":{"start":{"line":102,"column":26},"end":{"line":102,"column":77}},"53":{"start":{"line":103,"column":22},"end":{"line":103,"column":38}},"54":{"start":{"line":105,"column":25},"end":{"line":110,"column":10}},"55":{"start":{"line":112,"column":8},"end":{"line":112,"column":29}},"56":{"start":{"line":114,"column":8},"end":{"line":114,"column":56}},"57":{"start":{"line":115,"column":8},"end":{"line":115,"column":20}},"58":{"start":{"line":100,"column":13},"end":{"line":100,"column":30}},"59":{"start":{"line":119,"column":32},"end":{"line":136,"column":1}},"60":{"start":{"line":120,"column":4},"end":{"line":135,"column":5}},"61":{"start":{"line":121,"column":26},"end":{"line":121,"column":77}},"62":{"start":{"line":122,"column":22},"end":{"line":122,"column":38}},"63":{"start":{"line":124,"column":25},"end":{"line":129,"column":10}},"64":{"start":{"line":131,"column":8},"end":{"line":131,"column":29}},"65":{"start":{"line":133,"column":8},"end":{"line":133,"column":62}},"66":{"start":{"line":134,"column":8},"end":{"line":134,"column":20}},"67":{"start":{"line":119,"column":13},"end":{"line":119,"column":32}},"68":{"start":{"line":138,"column":25},"end":{"line":155,"column":1}},"69":{"start":{"line":139,"column":4},"end":{"line":154,"column":5}},"70":{"start":{"line":140,"column":26},"end":{"line":140,"column":77}},"71":{"start":{"line":141,"column":22},"end":{"line":141,"column":38}},"72":{"start":{"line":143,"column":25},"end":{"line":148,"column":10}},"73":{"start":{"line":150,"column":8},"end":{"line":150,"column":31}},"74":{"start":{"line":152,"column":8},"end":{"line":152,"column":54}},"75":{"start":{"line":153,"column":8},"end":{"line":153,"column":20}},"76":{"start":{"line":138,"column":13},"end":{"line":138,"column":25}},"77":{"start":{"line":157,"column":28},"end":{"line":174,"column":1}},"78":{"start":{"line":158,"column":4},"end":{"line":173,"column":5}},"79":{"start":{"line":159,"column":26},"end":{"line":159,"column":77}},"80":{"start":{"line":160,"column":22},"end":{"line":160,"column":38}},"81":{"start":{"line":162,"column":25},"end":{"line":167,"column":10}},"82":{"start":{"line":169,"column":8},"end":{"line":169,"column":36}},"83":{"start":{"line":171,"column":8},"end":{"line":171,"column":58}},"84":{"start":{"line":172,"column":8},"end":{"line":172,"column":20}},"85":{"start":{"line":157,"column":13},"end":{"line":157,"column":28}},"86":{"start":{"line":176,"column":31},"end":{"line":194,"column":1}},"87":{"start":{"line":177,"column":4},"end":{"line":193,"column":5}},"88":{"start":{"line":178,"column":26},"end":{"line":178,"column":77}},"89":{"start":{"line":179,"column":22},"end":{"line":179,"column":38}},"90":{"start":{"line":181,"column":25},"end":{"line":187,"column":10}},"91":{"start":{"line":189,"column":8},"end":{"line":189,"column":31}},"92":{"start":{"line":191,"column":8},"end":{"line":191,"column":58}},"93":{"start":{"line":192,"column":8},"end":{"line":192,"column":20}},"94":{"start":{"line":176,"column":13},"end":{"line":176,"column":31}},"95":{"start":{"line":196,"column":31},"end":{"line":213,"column":1}},"96":{"start":{"line":197,"column":4},"end":{"line":212,"column":5}},"97":{"start":{"line":198,"column":26},"end":{"line":198,"column":77}},"98":{"start":{"line":199,"column":22},"end":{"line":199,"column":38}},"99":{"start":{"line":201,"column":25},"end":{"line":206,"column":10}},"100":{"start":{"line":208,"column":8},"end":{"line":208,"column":31}},"101":{"start":{"line":210,"column":8},"end":{"line":210,"column":59}},"102":{"start":{"line":211,"column":8},"end":{"line":211,"column":20}},"103":{"start":{"line":196,"column":13},"end":{"line":196,"column":31}},"104":{"start":{"line":215,"column":24},"end":{"line":237,"column":1}},"105":{"start":{"line":221,"column":4},"end":{"line":236,"column":5}},"106":{"start":{"line":222,"column":26},"end":{"line":222,"column":77}},"107":{"start":{"line":223,"column":22},"end":{"line":223,"column":38}},"108":{"start":{"line":225,"column":25},"end":{"line":230,"column":10}},"109":{"start":{"line":232,"column":8},"end":{"line":232,"column":31}},"110":{"start":{"line":234,"column":8},"end":{"line":234,"column":59}},"111":{"start":{"line":235,"column":8},"end":{"line":235,"column":20}},"112":{"start":{"line":215,"column":13},"end":{"line":215,"column":24}}},"fnMap":{"0":{"name":"(anonymous_1)","decl":{"start":{"line":4,"column":25},"end":{"line":4,"column":30}},"loc":{"start":{"line":4,"column":67},"end":{"line":13,"column":1}}},"1":{"name":"(anonymous_2)","decl":{"start":{"line":15,"column":28},"end":{"line":15,"column":33}},"loc":{"start":{"line":15,"column":103},"end":{"line":24,"column":1}}},"2":{"name":"(anonymous_3)","decl":{"start":{"line":26,"column":27},"end":{"line":26,"column":32}},"loc":{"start":{"line":26,"column":38},"end":{"line":35,"column":1}}},"3":{"name":"(anonymous_4)","decl":{"start":{"line":37,"column":30},"end":{"line":37,"column":35}},"loc":{"start":{"line":37,"column":67},"end":{"line":54,"column":1}}},"4":{"name":"(anonymous_5)","decl":{"start":{"line":56,"column":30},"end":{"line":56,"column":35}},"loc":{"start":{"line":56,"column":100},"end":{"line":76,"column":1}}},"5":{"name":"(anonymous_6)","decl":{"start":{"line":78,"column":27},"end":{"line":78,"column":32}},"loc":{"start":{"line":78,"column":64},"end":{"line":98,"column":1}}},"6":{"name":"(anonymous_7)","decl":{"start":{"line":100,"column":30},"end":{"line":100,"column":35}},"loc":{"start":{"line":100,"column":67},"end":{"line":117,"column":1}}},"7":{"name":"(anonymous_8)","decl":{"start":{"line":119,"column":32},"end":{"line":119,"column":37}},"loc":{"start":{"line":119,"column":43},"end":{"line":136,"column":1}}},"8":{"name":"(anonymous_9)","decl":{"start":{"line":138,"column":25},"end":{"line":138,"column":30}},"loc":{"start":{"line":138,"column":62},"end":{"line":155,"column":1}}},"9":{"name":"(anonymous_10)","decl":{"start":{"line":157,"column":28},"end":{"line":157,"column":33}},"loc":{"start":{"line":157,"column":39},"end":{"line":174,"column":1}}},"10":{"name":"(anonymous_11)","decl":{"start":{"line":176,"column":31},"end":{"line":176,"column":36}},"loc":{"start":{"line":176,"column":56},"end":{"line":194,"column":1}}},"11":{"name":"(anonymous_12)","decl":{"start":{"line":196,"column":31},"end":{"line":196,"column":36}},"loc":{"start":{"line":196,"column":86},"end":{"line":213,"column":1}}},"12":{"name":"(anonymous_13)","decl":{"start":{"line":215,"column":24},"end":{"line":215,"column":29}},"loc":{"start":{"line":220,"column":7},"end":{"line":237,"column":1}}}},"branchMap":{"0":{"loc":{"start":{"line":39,"column":37},"end":{"line":39,"column":76}},"type":"binary-expr","locations":[{"start":{"line":39,"column":37},"end":{"line":39,"column":66}},{"start":{"line":39,"column":70},"end":{"line":39,"column":76}}]},"1":{"loc":{"start":{"line":58,"column":37},"end":{"line":58,"column":76}},"type":"binary-expr","locations":[{"start":{"line":58,"column":37},"end":{"line":58,"column":66}},{"start":{"line":58,"column":70},"end":{"line":58,"column":76}}]},"2":{"loc":{"start":{"line":80,"column":37},"end":{"line":80,"column":76}},"type":"binary-expr","locations":[{"start":{"line":80,"column":37},"end":{"line":80,"column":66}},{"start":{"line":80,"column":70},"end":{"line":80,"column":76}}]},"3":{"loc":{"start":{"line":102,"column":37},"end":{"line":102,"column":76}},"type":"binary-expr","locations":[{"start":{"line":102,"column":37},"end":{"line":102,"column":66}},{"start":{"line":102,"column":70},"end":{"line":102,"column":76}}]},"4":{"loc":{"start":{"line":121,"column":37},"end":{"line":121,"column":76}},"type":"binary-expr","locations":[{"start":{"line":121,"column":37},"end":{"line":121,"column":66}},{"start":{"line":121,"column":70},"end":{"line":121,"column":76}}]},"5":{"loc":{"start":{"line":140,"column":37},"end":{"line":140,"column":76}},"type":"binary-expr","locations":[{"start":{"line":140,"column":37},"end":{"line":140,"column":66}},{"start":{"line":140,"column":70},"end":{"line":140,"column":76}}]},"6":{"loc":{"start":{"line":159,"column":37},"end":{"line":159,"column":76}},"type":"binary-expr","locations":[{"start":{"line":159,"column":37},"end":{"line":159,"column":66}},{"start":{"line":159,"column":70},"end":{"line":159,"column":76}}]},"7":{"loc":{"start":{"line":178,"column":37},"end":{"line":178,"column":76}},"type":"binary-expr","locations":[{"start":{"line":178,"column":37},"end":{"line":178,"column":66}},{"start":{"line":178,"column":70},"end":{"line":178,"column":76}}]},"8":{"loc":{"start":{"line":198,"column":37},"end":{"line":198,"column":76}},"type":"binary-expr","locations":[{"start":{"line":198,"column":37},"end":{"line":198,"column":66}},{"start":{"line":198,"column":70},"end":{"line":198,"column":76}}]},"9":{"loc":{"start":{"line":222,"column":37},"end":{"line":222,"column":76}},"type":"binary-expr","locations":[{"start":{"line":222,"column":37},"end":{"line":222,"column":66}},{"start":{"line":222,"column":70},"end":{"line":222,"column":76}}]}},"s":{"0":4,"1":4,"2":4,"3":0,"4":0,"5":0,"6":0,"7":0,"8":4,"9":4,"10":0,"11":0,"12":0,"13":0,"14":0,"15":4,"16":4,"17":0,"18":0,"19":0,"20":0,"21":0,"22":4,"23":4,"24":0,"25":0,"26":0,"27":0,"28":0,"29":0,"30":0,"31":4,"32":4,"33":0,"34":0,"35":0,"36":0,"37":0,"38":0,"39":0,"40":4,"41":4,"42":0,"43":0,"44":0,"45":0,"46":0,"47":0,"48":0,"49":4,"50":4,"51":0,"52":0,"53":0,"54":0,"55":0,"56":0,"57":0,"58":4,"59":4,"60":0,"61":0,"62":0,"63":0,"64":0,"65":0,"66":0,"67":4,"68":4,"69":0,"70":0,"71":0,"72":0,"73":0,"74":0,"75":0,"76":4,"77":4,"78":0,"79":0,"80":0,"81":0,"82":0,"83":0,"84":0,"85":4,"86":4,"87":0,"88":0,"89":0,"90":0,"91":0,"92":0,"93":0,"94":4,"95":4,"96":0,"97":0,"98":0,"99":0,"100":0,"101":0,"102":0,"103":4,"104":4,"105":0,"106":0,"107":0,"108":0,"109":0,"110":0,"111":0,"112":4},"f":{"0":0,"1":0,"2":0,"3":0,"4":0,"5":0,"6":0,"7":0,"8":0,"9":0,"10":0,"11":0,"12":0},"b":{"0":[0,0],"1":[0,0],"2":[0,0],"3":[0,0],"4":[0,0],"5":[0,0],"6":[0,0],"7":[0,0],"8":[0,0],"9":[0,0]}}
}
