TN:
SF:src\components\AddressCart.tsx
FN:7,AddressCart
FN:10,(anonymous_1)
FN:14,(anonymous_2)
FN:31,(anonymous_3)
FNF:4
FNH:4
FNDA:15,AddressCart
FNDA:10,(anonymous_1)
FNDA:2,(anonymous_2)
FNDA:1,(anonymous_3)
DA:1,1
DA:8,15
DA:10,15
DA:11,10
DA:14,15
DA:15,2
DA:18,15
DA:31,1
DA:123,1
LF:9
LH:9
BRDA:38,0,0,15
BRDA:38,0,1,8
BRF:2
BRH:2
end_of_record
TN:
SF:src\components\BookCard.tsx
FN:20,BookCard
FNF:1
FNH:1
FNDA:7,BookCard
DA:1,1
DA:2,1
DA:21,7
DA:47,1
LF:4
LH:4
BRF:0
BRH:0
end_of_record
TN:
SF:src\components\BooksContainer.tsx
FN:22,BooksContainer
FN:24,(anonymous_2)
FN:30,(anonymous_3)
FN:33,(anonymous_4)
FN:39,(anonymous_5)
FN:43,(anonymous_6)
FN:53,(anonymous_7)
FN:58,(anonymous_8)
FN:72,(anonymous_9)
FN:74,(anonymous_10)
FN:76,(anonymous_11)
FN:82,(anonymous_12)
FN:93,(anonymous_13)
FN:97,(anonymous_14)
FN:98,(anonymous_15)
FN:144,(anonymous_16)
FNF:16
FNH:12
FNDA:15,BooksContainer
FNDA:10,(anonymous_2)
FNDA:29,(anonymous_3)
FNDA:10,(anonymous_4)
FNDA:10,(anonymous_5)
FNDA:11,(anonymous_6)
FNDA:12,(anonymous_7)
FNDA:4,(anonymous_8)
FNDA:1,(anonymous_9)
FNDA:0,(anonymous_10)
FNDA:0,(anonymous_11)
FNDA:0,(anonymous_12)
FNDA:0,(anonymous_13)
FNDA:4,(anonymous_14)
FNDA:48,(anonymous_15)
FNDA:26,(anonymous_16)
DA:1,1
DA:2,1
DA:3,1
DA:4,1
DA:5,1
DA:6,1
DA:7,1
DA:8,1
DA:9,1
DA:10,1
DA:11,1
DA:12,1
DA:13,1
DA:14,1
DA:15,1
DA:17,1
DA:18,1
DA:20,1
DA:23,15
DA:24,15
DA:25,10
DA:27,15
DA:29,15
DA:30,29
DA:31,15
DA:33,15
DA:34,10
DA:35,2
DA:39,15
DA:40,10
DA:43,15
DA:44,11
DA:47,15
DA:53,15
DA:54,12
DA:56,12
DA:57,3
DA:58,3
DA:59,4
DA:60,4
DA:62,4
DA:64,4
DA:70,12
DA:72,1
DA:74,0
DA:76,0
DA:78,11
DA:82,15
DA:83,0
DA:84,0
DA:87,15
DA:88,15
DA:89,15
DA:90,15
DA:91,15
DA:93,15
DA:94,0
DA:97,15
DA:98,4
DA:99,48
DA:103,15
DA:145,26
DA:173,1
LF:63
LH:58
BRDA:25,0,0,10
BRDA:25,0,1,9
BRDA:34,1,0,2
BRDA:56,2,0,3
BRDA:59,3,0,4
BRDA:59,3,1,0
BRDA:59,3,2,0
BRDA:60,4,0,4
BRDA:60,4,1,0
BRDA:62,5,0,4
BRDA:62,5,1,0
BRDA:64,6,0,4
BRDA:64,6,1,2
BRDA:64,6,2,2
BRDA:70,7,0,1
BRDA:70,7,1,0
BRDA:70,7,2,0
BRDA:70,7,3,11
BRDA:72,8,0,1
BRDA:72,8,1,0
BRDA:72,9,0,1
BRDA:72,9,1,0
BRDA:74,10,0,0
BRDA:74,10,1,0
BRDA:74,11,0,0
BRDA:74,11,1,0
BRDA:76,12,0,0
BRDA:76,12,1,0
BRDA:76,13,0,0
BRDA:76,13,1,0
BRDA:87,14,0,15
BRDA:87,14,1,11
BRDA:90,15,0,11
BRDA:90,15,1,4
BRDA:91,16,0,11
BRDA:91,16,1,4
BRDA:110,17,0,11
BRDA:110,17,1,4
BRDA:111,18,0,4
BRDA:111,18,1,7
BRDA:135,19,0,15
BRDA:135,19,1,11
BRDA:135,19,2,4
BRDA:135,19,3,1
BRDA:142,20,0,4
BRDA:142,20,1,11
BRDA:150,21,0,26
BRDA:150,21,1,0
BRDA:151,22,0,26
BRDA:151,22,1,0
BRDA:152,23,0,26
BRDA:152,23,1,0
BRDA:153,24,0,26
BRDA:153,24,1,0
BRDA:146,25,0,26
BRDA:146,25,1,0
BRF:56
BRH:35
end_of_record
TN:
SF:src\components\Footer.tsx
FN:1,Footer
FNF:1
FNH:1
FNDA:2,Footer
DA:2,2
DA:11,1
LF:2
LH:2
BRF:0
BRH:0
end_of_record
TN:
SF:src\components\Navbar.tsx
FN:9,Navbar
FN:13,(anonymous_2)
FN:33,(anonymous_3)
FN:45,(anonymous_4)
FN:54,(anonymous_5)
FN:72,(anonymous_6)
FNF:6
FNH:6
FNDA:11,Navbar
FNDA:21,(anonymous_2)
FNDA:1,(anonymous_3)
FNDA:2,(anonymous_4)
FNDA:2,(anonymous_5)
FNDA:1,(anonymous_6)
DA:1,2
DA:2,2
DA:3,2
DA:4,2
DA:5,2
DA:6,2
DA:10,11
DA:11,11
DA:12,11
DA:13,21
DA:16,11
DA:33,1
DA:45,2
DA:55,2
DA:56,2
DA:72,1
DA:120,2
LF:17
LH:17
BRDA:51,0,0,11
BRDA:51,0,1,2
BRDA:55,1,0,2
BRDA:55,1,1,0
BRDA:56,2,0,2
BRDA:56,2,1,0
BRF:6
BRH:4
end_of_record
TN:
SF:src\components\OrderConfirmContainer.tsx
FN:4,OrderConfirmContainer
FN:6,getRandomSixDigit
FNF:2
FNH:2
FNDA:4,OrderConfirmContainer
FNDA:4,getRandomSixDigit
DA:1,1
DA:2,1
DA:5,4
DA:7,4
DA:10,4
DA:12,4
DA:63,1
LF:7
LH:7
BRF:0
BRH:0
end_of_record
TN:
SF:src\components\OrderSummary.tsx
FN:17,OrderSummary
FN:20,(anonymous_2)
FN:23,(anonymous_3)
FN:30,(anonymous_4)
FN:45,(anonymous_5)
FN:55,(anonymous_6)
FN:56,(anonymous_7)
FN:74,(anonymous_8)
FNF:8
FNH:7
FNDA:4,OrderSummary
FNDA:7,(anonymous_2)
FNDA:4,(anonymous_3)
FNDA:1,(anonymous_4)
FNDA:0,(anonymous_5)
FNDA:3,(anonymous_6)
FNDA:4,(anonymous_7)
FNDA:4,(anonymous_8)
DA:1,1
DA:3,1
DA:4,1
DA:5,1
DA:6,1
DA:7,1
DA:8,1
DA:9,1
DA:10,1
DA:11,1
DA:12,1
DA:13,1
DA:14,1
DA:15,1
DA:18,4
DA:19,4
DA:20,7
DA:23,4
DA:30,4
DA:31,1
DA:32,1
DA:33,1
DA:34,1
DA:35,1
DA:38,0
DA:39,0
DA:43,4
DA:45,4
DA:46,0
DA:49,4
DA:55,4
DA:56,4
DA:59,4
DA:75,4
DA:131,1
LF:35
LH:32
BRDA:33,0,0,1
BRDA:33,1,0,1
BRDA:33,1,1,0
BRDA:70,2,0,4
BRDA:70,2,1,4
BRDA:99,3,0,4
BRDA:99,3,1,3
BRDA:117,4,0,4
BRDA:117,4,1,1
BRF:9
BRH:8
end_of_record
TN:
SF:src\pages\MyCartPage.tsx
FN:8,MyCartPage
FNF:1
FNH:1
FNDA:1,MyCartPage
DA:1,1
DA:2,1
DA:3,1
DA:4,1
DA:5,1
DA:6,1
DA:9,1
DA:11,1
DA:22,1
LF:9
LH:9
BRF:0
BRH:0
end_of_record
TN:
SF:src\pages\PleaseLoginPage.tsx
FN:5,PleaseLoginPage
FNF:1
FNH:1
FNDA:3,PleaseLoginPage
DA:1,1
DA:2,1
DA:3,1
DA:6,3
DA:23,1
LF:5
LH:5
BRF:0
BRH:0
end_of_record
TN:
SF:src\pages\Profile.tsx
FN:27,Profile
FN:35,(anonymous_2)
FN:37,(anonymous_3)
FN:43,(anonymous_4)
FN:47,(anonymous_5)
FN:52,(anonymous_6)
FN:53,(anonymous_7)
FN:59,(anonymous_8)
FN:61,(anonymous_9)
FN:62,(anonymous_10)
FN:68,(anonymous_11)
FN:95,(anonymous_12)
FN:105,(anonymous_13)
FN:183,(anonymous_14)
FN:196,(anonymous_15)
FN:204,(anonymous_16)
FN:214,(anonymous_17)
FN:230,(anonymous_18)
FN:249,(anonymous_19)
FN:268,(anonymous_20)
FN:281,(anonymous_21)
FN:284,(anonymous_22)
FNF:22
FNH:3
FNDA:5,Profile
FNDA:0,(anonymous_2)
FNDA:0,(anonymous_3)
FNDA:0,(anonymous_4)
FNDA:0,(anonymous_5)
FNDA:0,(anonymous_6)
FNDA:0,(anonymous_7)
FNDA:0,(anonymous_8)
FNDA:0,(anonymous_9)
FNDA:0,(anonymous_10)
FNDA:0,(anonymous_11)
FNDA:0,(anonymous_12)
FNDA:0,(anonymous_13)
FNDA:0,(anonymous_14)
FNDA:10,(anonymous_15)
FNDA:0,(anonymous_16)
FNDA:0,(anonymous_17)
FNDA:0,(anonymous_18)
FNDA:0,(anonymous_19)
FNDA:0,(anonymous_20)
FNDA:30,(anonymous_21)
FNDA:0,(anonymous_22)
DA:1,1
DA:2,1
DA:3,1
DA:5,1
DA:12,1
DA:28,5
DA:29,5
DA:30,5
DA:31,5
DA:32,5
DA:33,5
DA:35,5
DA:36,0
DA:37,0
DA:43,5
DA:44,0
DA:47,5
DA:51,0
DA:52,0
DA:53,0
DA:54,0
DA:59,5
DA:60,0
DA:61,0
DA:62,0
DA:63,0
DA:68,5
DA:69,0
DA:70,0
DA:73,5
DA:95,0
DA:105,0
DA:183,0
DA:197,10
DA:205,0
DA:214,0
DA:230,0
DA:249,0
DA:268,0
DA:282,30
DA:284,0
DA:310,1
LF:42
LH:20
BRDA:54,0,0,0
BRDA:54,0,1,0
BRDA:63,1,0,0
BRDA:63,1,1,0
BRDA:98,2,0,5
BRDA:98,2,1,0
BRDA:101,3,0,5
BRDA:101,3,1,5
BRDA:108,4,0,0
BRDA:108,4,1,5
BRDA:110,5,0,5
BRDA:110,5,1,0
BRDA:129,6,0,5
BRDA:129,6,1,0
BRDA:143,7,0,5
BRDA:143,7,1,0
BRDA:157,8,0,5
BRDA:157,8,1,0
BRDA:171,9,0,5
BRDA:171,9,1,0
BRDA:186,10,0,5
BRDA:186,10,1,0
BRDA:189,11,0,5
BRDA:189,11,1,5
BRDA:205,12,0,0
BRDA:205,12,1,0
BRDA:209,13,0,0
BRDA:209,13,1,10
BRDA:212,14,0,10
BRDA:212,14,1,0
BRDA:234,15,0,10
BRDA:234,15,1,0
BRDA:254,16,0,10
BRDA:254,16,1,0
BRDA:273,17,0,10
BRDA:273,17,1,0
BRF:36
BRH:17
end_of_record
TN:
SF:src\redux\bookSlice.ts
FN:24,(anonymous_0)
FN:39,(anonymous_1)
FN:41,(anonymous_2)
FN:44,(anonymous_3)
FN:48,(anonymous_4)
FNF:5
FNH:1
FNDA:0,(anonymous_0)
FNDA:3,(anonymous_1)
FNDA:0,(anonymous_2)
FNDA:0,(anonymous_3)
FNDA:0,(anonymous_4)
DA:1,4
DA:2,4
DA:24,4
DA:25,0
DA:26,0
DA:29,4
DA:35,4
DA:40,3
DA:42,0
DA:45,0
DA:46,0
DA:49,0
DA:50,0
DA:55,4
LF:14
LH:7
BRDA:50,0,0,0
BRDA:50,0,1,0
BRF:2
BRH:0
end_of_record
TN:
SF:src\redux\cartSlice.ts
FN:42,(anonymous_0)
FN:43,(anonymous_1)
FN:45,(anonymous_2)
FN:57,(anonymous_3)
FN:65,(anonymous_4)
FN:82,(anonymous_5)
FN:89,(anonymous_6)
FN:127,(anonymous_7)
FN:132,(anonymous_8)
FN:141,(anonymous_9)
FN:143,(anonymous_10)
FN:148,(anonymous_11)
FN:155,(anonymous_12)
FN:160,(anonymous_13)
FN:165,(anonymous_14)
FN:168,(anonymous_15)
FN:174,(anonymous_16)
FNF:17
FNH:3
FNDA:3,(anonymous_0)
FNDA:0,(anonymous_1)
FNDA:3,(anonymous_2)
FNDA:0,(anonymous_3)
FNDA:0,(anonymous_4)
FNDA:0,(anonymous_5)
FNDA:0,(anonymous_6)
FNDA:0,(anonymous_7)
FNDA:0,(anonymous_8)
FNDA:3,(anonymous_9)
FNDA:0,(anonymous_10)
FNDA:0,(anonymous_11)
FNDA:0,(anonymous_12)
FNDA:0,(anonymous_13)
FNDA:0,(anonymous_14)
FNDA:0,(anonymous_15)
FNDA:0,(anonymous_16)
DA:1,3
DA:2,3
DA:3,3
DA:42,3
DA:43,3
DA:45,3
DA:46,3
DA:47,3
DA:55,3
DA:58,0
DA:59,0
DA:63,3
DA:66,0
DA:67,0
DA:68,0
DA:69,0
DA:71,0
DA:76,3
DA:78,3
DA:86,0
DA:88,0
DA:89,0
DA:92,0
DA:93,0
DA:95,0
DA:99,0
DA:115,0
DA:117,0
DA:122,0
DA:124,0
DA:131,0
DA:132,0
DA:134,0
DA:135,0
DA:136,0
DA:137,0
DA:142,3
DA:144,0
DA:149,0
DA:150,0
DA:151,0
DA:152,0
DA:156,0
DA:157,0
DA:161,0
DA:166,0
DA:167,0
DA:168,0
DA:170,0
DA:171,0
DA:175,0
DA:176,0
DA:182,3
DA:183,3
LF:54
LH:15
BRDA:46,0,0,3
BRDA:46,0,1,3
BRDA:67,1,0,0
BRDA:67,1,1,0
BRDA:92,2,0,0
BRDA:92,2,1,0
BRDA:134,3,0,0
BRDA:158,4,0,0
BRDA:158,4,1,0
BRDA:177,5,0,0
BRDA:177,5,1,0
BRF:11
BRH:2
end_of_record
TN:
SF:src\redux\searchSlice.ts
FN:15,(anonymous_0)
FN:21,(anonymous_1)
FNF:2
FNH:2
FNDA:1,(anonymous_0)
FNDA:24,(anonymous_1)
DA:1,4
DA:7,4
DA:11,4
DA:16,1
DA:21,24
DA:22,4
DA:23,4
LF:7
LH:7
BRF:0
BRH:0
end_of_record
TN:
SF:src\redux\store.ts
FNF:0
FNH:0
DA:1,3
DA:2,3
DA:3,3
DA:4,3
DA:6,3
LF:5
LH:5
BRF:0
BRH:0
end_of_record
TN:
SF:src\utils\API.ts
FN:4,(anonymous_1)
FN:15,(anonymous_2)
FN:26,(anonymous_3)
FN:37,(anonymous_4)
FN:56,(anonymous_5)
FN:78,(anonymous_6)
FN:100,(anonymous_7)
FN:119,(anonymous_8)
FN:138,(anonymous_9)
FN:157,(anonymous_10)
FN:176,(anonymous_11)
FN:196,(anonymous_12)
FN:215,(anonymous_13)
FNF:13
FNH:0
FNDA:0,(anonymous_1)
FNDA:0,(anonymous_2)
FNDA:0,(anonymous_3)
FNDA:0,(anonymous_4)
FNDA:0,(anonymous_5)
FNDA:0,(anonymous_6)
FNDA:0,(anonymous_7)
FNDA:0,(anonymous_8)
FNDA:0,(anonymous_9)
FNDA:0,(anonymous_10)
FNDA:0,(anonymous_11)
FNDA:0,(anonymous_12)
FNDA:0,(anonymous_13)
DA:1,4
DA:2,4
DA:4,4
DA:5,0
DA:6,0
DA:7,0
DA:10,0
DA:11,0
DA:15,4
DA:16,0
DA:17,0
DA:18,0
DA:21,0
DA:22,0
DA:26,4
DA:27,0
DA:28,0
DA:29,0
DA:32,0
DA:33,0
DA:37,4
DA:38,0
DA:39,0
DA:40,0
DA:42,0
DA:48,0
DA:51,0
DA:52,0
DA:56,4
DA:57,0
DA:58,0
DA:59,0
DA:61,0
DA:71,0
DA:73,0
DA:74,0
DA:78,4
DA:79,0
DA:80,0
DA:81,0
DA:83,0
DA:93,0
DA:95,0
DA:96,0
DA:100,4
DA:101,0
DA:102,0
DA:103,0
DA:105,0
DA:112,0
DA:114,0
DA:115,0
DA:119,4
DA:120,0
DA:121,0
DA:122,0
DA:124,0
DA:131,0
DA:133,0
DA:134,0
DA:138,4
DA:139,0
DA:140,0
DA:141,0
DA:143,0
DA:150,0
DA:152,0
DA:153,0
DA:157,4
DA:158,0
DA:159,0
DA:160,0
DA:162,0
DA:169,0
DA:171,0
DA:172,0
DA:176,4
DA:177,0
DA:178,0
DA:179,0
DA:181,0
DA:189,0
DA:191,0
DA:192,0
DA:196,4
DA:197,0
DA:198,0
DA:199,0
DA:201,0
DA:208,0
DA:210,0
DA:211,0
DA:215,4
DA:221,0
DA:222,0
DA:223,0
DA:225,0
DA:232,0
DA:234,0
DA:235,0
LF:100
LH:15
BRDA:39,0,0,0
BRDA:39,0,1,0
BRDA:58,1,0,0
BRDA:58,1,1,0
BRDA:80,2,0,0
BRDA:80,2,1,0
BRDA:102,3,0,0
BRDA:102,3,1,0
BRDA:121,4,0,0
BRDA:121,4,1,0
BRDA:140,5,0,0
BRDA:140,5,1,0
BRDA:159,6,0,0
BRDA:159,6,1,0
BRDA:178,7,0,0
BRDA:178,7,1,0
BRDA:198,8,0,0
BRDA:198,8,1,0
BRDA:222,9,0,0
BRDA:222,9,1,0
BRF:20
BRH:0
end_of_record
