TN:
SF:src\components\AddressCart.tsx
FN:7,AddressCart
FN:10,(anonymous_1)
FN:14,(anonymous_2)
FN:31,(anonymous_3)
FNF:4
FNH:4
FNDA:15,AddressCart
FNDA:10,(anonymous_1)
FNDA:2,(anonymous_2)
FNDA:1,(anonymous_3)
DA:1,1
DA:8,15
DA:10,15
DA:11,10
DA:14,15
DA:15,2
DA:18,15
DA:31,1
DA:123,1
LF:9
LH:9
BRDA:38,0,0,15
BRDA:38,0,1,8
BRF:2
BRH:2
end_of_record
TN:
SF:src\components\BookCard.tsx
FN:20,BookCard
FNF:1
FNH:1
FNDA:7,BookCard
DA:1,1
DA:2,1
DA:21,7
DA:47,1
LF:4
LH:4
BRF:0
BRH:0
end_of_record
TN:
SF:src\components\BooksContainer.tsx
FN:22,BooksContainer
FN:24,(anonymous_2)
FN:30,(anonymous_3)
FN:33,(anonymous_4)
FN:39,(anonymous_5)
FN:43,(anonymous_6)
FN:53,(anonymous_7)
FN:58,(anonymous_8)
FN:71,(anonymous_9)
FN:73,(anonymous_10)
FN:75,(anonymous_11)
FN:81,(anonymous_12)
FN:92,(anonymous_13)
FN:96,(anonymous_14)
FN:97,(anonymous_15)
FN:143,(anonymous_16)
FNF:16
FNH:12
FNDA:15,BooksContainer
FNDA:10,(anonymous_2)
FNDA:29,(anonymous_3)
FNDA:10,(anonymous_4)
FNDA:10,(anonymous_5)
FNDA:11,(anonymous_6)
FNDA:12,(anonymous_7)
FNDA:4,(anonymous_8)
FNDA:1,(anonymous_9)
FNDA:0,(anonymous_10)
FNDA:0,(anonymous_11)
FNDA:0,(anonymous_12)
FNDA:0,(anonymous_13)
FNDA:4,(anonymous_14)
FNDA:48,(anonymous_15)
FNDA:26,(anonymous_16)
DA:1,1
DA:2,1
DA:3,1
DA:4,1
DA:5,1
DA:6,1
DA:7,1
DA:8,1
DA:9,1
DA:10,1
DA:11,1
DA:12,1
DA:13,1
DA:14,1
DA:15,1
DA:17,1
DA:18,1
DA:20,1
DA:23,15
DA:24,15
DA:25,10
DA:27,15
DA:29,15
DA:30,29
DA:31,15
DA:33,15
DA:34,10
DA:35,2
DA:39,15
DA:40,10
DA:43,15
DA:44,11
DA:47,15
DA:53,15
DA:54,12
DA:56,12
DA:57,3
DA:58,3
DA:59,4
DA:60,4
DA:61,4
DA:63,4
DA:69,12
DA:71,1
DA:73,0
DA:75,0
DA:77,11
DA:81,15
DA:82,0
DA:83,0
DA:86,15
DA:87,15
DA:88,15
DA:89,15
DA:90,15
DA:92,15
DA:93,0
DA:96,15
DA:97,4
DA:98,48
DA:102,15
DA:144,26
DA:172,1
LF:63
LH:58
BRDA:25,0,0,10
BRDA:25,0,1,9
BRDA:34,1,0,2
BRDA:56,2,0,3
BRDA:59,3,0,4
BRDA:59,3,1,0
BRDA:59,3,2,0
BRDA:60,4,0,4
BRDA:60,4,1,0
BRDA:61,5,0,4
BRDA:61,5,1,0
BRDA:63,6,0,4
BRDA:63,6,1,2
BRDA:63,6,2,2
BRDA:69,7,0,1
BRDA:69,7,1,0
BRDA:69,7,2,0
BRDA:69,7,3,11
BRDA:71,8,0,1
BRDA:71,8,1,0
BRDA:71,9,0,1
BRDA:71,9,1,0
BRDA:73,10,0,0
BRDA:73,10,1,0
BRDA:73,11,0,0
BRDA:73,11,1,0
BRDA:75,12,0,0
BRDA:75,12,1,0
BRDA:75,13,0,0
BRDA:75,13,1,0
BRDA:86,14,0,15
BRDA:86,14,1,11
BRDA:89,15,0,11
BRDA:89,15,1,4
BRDA:90,16,0,11
BRDA:90,16,1,4
BRDA:109,17,0,11
BRDA:109,17,1,4
BRDA:110,18,0,4
BRDA:110,18,1,7
BRDA:134,19,0,15
BRDA:134,19,1,11
BRDA:134,19,2,4
BRDA:134,19,3,1
BRDA:141,20,0,4
BRDA:141,20,1,11
BRDA:149,21,0,26
BRDA:149,21,1,0
BRDA:150,22,0,26
BRDA:150,22,1,0
BRDA:151,23,0,26
BRDA:151,23,1,0
BRDA:152,24,0,26
BRDA:152,24,1,0
BRDA:145,25,0,26
BRDA:145,25,1,0
BRF:56
BRH:35
end_of_record
TN:
SF:src\redux\bookSlice.ts
FN:24,(anonymous_0)
FN:39,(anonymous_1)
FN:41,(anonymous_2)
FN:44,(anonymous_3)
FN:48,(anonymous_4)
FNF:5
FNH:0
FNDA:0,(anonymous_0)
FNDA:0,(anonymous_1)
FNDA:0,(anonymous_2)
FNDA:0,(anonymous_3)
FNDA:0,(anonymous_4)
DA:1,1
DA:2,1
DA:24,1
DA:25,0
DA:26,0
DA:29,1
DA:35,1
DA:40,0
DA:42,0
DA:45,0
DA:46,0
DA:49,0
DA:50,0
DA:55,1
LF:14
LH:6
BRDA:50,0,0,0
BRDA:50,0,1,0
BRF:2
BRH:0
end_of_record
TN:
SF:src\redux\searchSlice.ts
FN:15,(anonymous_0)
FN:21,(anonymous_1)
FNF:2
FNH:1
FNDA:0,(anonymous_0)
FNDA:24,(anonymous_1)
DA:1,1
DA:7,1
DA:11,1
DA:16,0
DA:21,24
DA:22,1
DA:23,1
LF:7
LH:6
BRF:0
BRH:0
end_of_record
TN:
SF:src\utils\API.ts
FN:4,(anonymous_1)
FN:15,(anonymous_2)
FN:26,(anonymous_3)
FN:37,(anonymous_4)
FN:56,(anonymous_5)
FN:78,(anonymous_6)
FN:100,(anonymous_7)
FN:119,(anonymous_8)
FN:138,(anonymous_9)
FN:157,(anonymous_10)
FN:176,(anonymous_11)
FN:196,(anonymous_12)
FN:215,(anonymous_13)
FNF:13
FNH:0
FNDA:0,(anonymous_1)
FNDA:0,(anonymous_2)
FNDA:0,(anonymous_3)
FNDA:0,(anonymous_4)
FNDA:0,(anonymous_5)
FNDA:0,(anonymous_6)
FNDA:0,(anonymous_7)
FNDA:0,(anonymous_8)
FNDA:0,(anonymous_9)
FNDA:0,(anonymous_10)
FNDA:0,(anonymous_11)
FNDA:0,(anonymous_12)
FNDA:0,(anonymous_13)
DA:1,1
DA:2,1
DA:4,1
DA:5,0
DA:6,0
DA:7,0
DA:10,0
DA:11,0
DA:15,1
DA:16,0
DA:17,0
DA:18,0
DA:21,0
DA:22,0
DA:26,1
DA:27,0
DA:28,0
DA:29,0
DA:32,0
DA:33,0
DA:37,1
DA:38,0
DA:39,0
DA:40,0
DA:42,0
DA:48,0
DA:51,0
DA:52,0
DA:56,1
DA:57,0
DA:58,0
DA:59,0
DA:61,0
DA:71,0
DA:73,0
DA:74,0
DA:78,1
DA:79,0
DA:80,0
DA:81,0
DA:83,0
DA:93,0
DA:95,0
DA:96,0
DA:100,1
DA:101,0
DA:102,0
DA:103,0
DA:105,0
DA:112,0
DA:114,0
DA:115,0
DA:119,1
DA:120,0
DA:121,0
DA:122,0
DA:124,0
DA:131,0
DA:133,0
DA:134,0
DA:138,1
DA:139,0
DA:140,0
DA:141,0
DA:143,0
DA:150,0
DA:152,0
DA:153,0
DA:157,1
DA:158,0
DA:159,0
DA:160,0
DA:162,0
DA:169,0
DA:171,0
DA:172,0
DA:176,1
DA:177,0
DA:178,0
DA:179,0
DA:181,0
DA:189,0
DA:191,0
DA:192,0
DA:196,1
DA:197,0
DA:198,0
DA:199,0
DA:201,0
DA:208,0
DA:210,0
DA:211,0
DA:215,1
DA:221,0
DA:222,0
DA:223,0
DA:225,0
DA:232,0
DA:234,0
DA:235,0
LF:100
LH:15
BRDA:39,0,0,0
BRDA:39,0,1,0
BRDA:58,1,0,0
BRDA:58,1,1,0
BRDA:80,2,0,0
BRDA:80,2,1,0
BRDA:102,3,0,0
BRDA:102,3,1,0
BRDA:121,4,0,0
BRDA:121,4,1,0
BRDA:140,5,0,0
BRDA:140,5,1,0
BRDA:159,6,0,0
BRDA:159,6,1,0
BRDA:178,7,0,0
BRDA:178,7,1,0
BRDA:198,8,0,0
BRDA:198,8,1,0
BRDA:222,9,0,0
BRDA:222,9,1,0
BRF:20
BRH:0
end_of_record
